2025-09-28 15:07:02,654 - OCR_APP - INFO - logger.pyw:72 - API实例初始化完成
2025-09-28 15:07:05,903 - OCR_APP - INFO - logger.pyw:72 - OCR服务初始化完成
2025-09-28 15:07:05,904 - OCR_APP - INFO - logger.pyw:72 - 异步OCR处理器初始化完成，最大工作线程数: 3
2025-09-28 15:07:05,904 - OCR_APP - DEBUG - logger.pyw:68 - 进度回调函数已设置
2025-09-28 15:07:05,904 - OCR_APP - DEBUG - logger.pyw:68 - 完成回调函数已设置
2025-09-28 15:07:05,904 - OCR_APP - INFO - logger.pyw:72 - 异步处理器已初始化
2025-09-28 15:07:56,389 - OCR_APP - INFO - logger.pyw:72 - API实例初始化完成
2025-09-28 15:07:59,592 - OCR_APP - INFO - logger.pyw:72 - OCR服务初始化完成
2025-09-28 15:07:59,599 - OCR_APP - INFO - logger.pyw:72 - 异步OCR处理器初始化完成，最大工作线程数: 3
2025-09-28 15:07:59,599 - OCR_APP - DEBUG - logger.pyw:68 - 进度回调函数已设置
2025-09-28 15:07:59,599 - OCR_APP - DEBUG - logger.pyw:68 - 完成回调函数已设置
2025-09-28 15:07:59,599 - OCR_APP - INFO - logger.pyw:72 - 异步处理器已初始化
2025-09-28 15:13:00,648 - OCR_APP - INFO - logger.pyw:72 - API实例初始化完成
2025-09-28 15:13:03,941 - OCR_APP - INFO - logger.pyw:72 - OCR服务初始化完成
2025-09-28 15:13:03,942 - OCR_APP - INFO - logger.pyw:72 - 异步OCR处理器初始化完成，最大工作线程数: 3
2025-09-28 15:13:03,942 - OCR_APP - DEBUG - logger.pyw:68 - 进度回调函数已设置
2025-09-28 15:13:03,942 - OCR_APP - DEBUG - logger.pyw:68 - 完成回调函数已设置
2025-09-28 15:13:03,942 - OCR_APP - INFO - logger.pyw:72 - 异步处理器已初始化
2025-09-28 15:34:20,916 - OCR_APP - INFO - logger.pyw:72 - API实例初始化完成
2025-09-28 15:34:24,805 - OCR_APP - INFO - logger.pyw:72 - OCR服务初始化完成
2025-09-28 15:34:24,805 - OCR_APP - INFO - logger.pyw:72 - 异步OCR处理器初始化完成，最大工作线程数: 3
2025-09-28 15:34:24,805 - OCR_APP - DEBUG - logger.pyw:68 - 进度回调函数已设置
2025-09-28 15:34:24,805 - OCR_APP - DEBUG - logger.pyw:68 - 完成回调函数已设置
2025-09-28 15:34:24,805 - OCR_APP - INFO - logger.pyw:72 - 异步处理器已初始化
2025-09-28 15:34:24,807 - OCR_APP - INFO - logger.pyw:72 - 批量处理优化器初始化完成: 最大工作线程=4, 内存限制=75.0%
2025-09-28 15:34:24,808 - OCR_APP - INFO - logger.pyw:72 - 批量处理优化器已初始化
2025-09-28 15:34:24,808 - OCR_APP - INFO - logger.pyw:72 - 图像预处理器已初始化
2025-09-28 15:38:08,028 - OCR_APP - INFO - logger.pyw:72 - API实例初始化完成
2025-09-28 15:38:11,676 - OCR_APP - INFO - logger.pyw:72 - OCR服务初始化完成
2025-09-28 15:38:11,676 - OCR_APP - INFO - logger.pyw:72 - 异步OCR处理器初始化完成，最大工作线程数: 3
2025-09-28 15:38:11,677 - OCR_APP - DEBUG - logger.pyw:68 - 进度回调函数已设置
2025-09-28 15:38:11,677 - OCR_APP - DEBUG - logger.pyw:68 - 完成回调函数已设置
2025-09-28 15:38:11,677 - OCR_APP - INFO - logger.pyw:72 - 异步处理器已初始化
2025-09-28 15:38:11,678 - OCR_APP - INFO - logger.pyw:72 - 批量处理优化器初始化完成: 最大工作线程=4, 内存限制=75.0%
2025-09-28 15:38:11,679 - OCR_APP - INFO - logger.pyw:72 - 批量处理优化器已初始化
2025-09-28 15:38:11,680 - OCR_APP - INFO - logger.pyw:72 - 图像预处理器已初始化
2025-09-28 15:38:11,680 - OCR_APP - INFO - logger.pyw:72 - 文本后处理器已初始化
2025-09-28 15:42:35,820 - OCR_APP - INFO - logger.pyw:72 - API实例初始化完成
2025-09-28 15:42:39,454 - OCR_APP - INFO - logger.pyw:72 - OCR服务初始化完成
2025-09-28 15:42:39,455 - OCR_APP - INFO - logger.pyw:72 - 异步OCR处理器初始化完成，最大工作线程数: 3
2025-09-28 15:42:39,455 - OCR_APP - DEBUG - logger.pyw:68 - 进度回调函数已设置
2025-09-28 15:42:39,455 - OCR_APP - DEBUG - logger.pyw:68 - 完成回调函数已设置
2025-09-28 15:42:39,455 - OCR_APP - INFO - logger.pyw:72 - 异步处理器已初始化
2025-09-28 15:42:39,457 - OCR_APP - INFO - logger.pyw:72 - 批量处理优化器初始化完成: 最大工作线程=4, 内存限制=75.0%
2025-09-28 15:42:39,458 - OCR_APP - INFO - logger.pyw:72 - 批量处理优化器已初始化
2025-09-28 15:42:39,458 - OCR_APP - INFO - logger.pyw:72 - 图像预处理器已初始化
2025-09-28 15:42:39,460 - OCR_APP - INFO - logger.pyw:72 - 内存管理器初始化完成: 最大内存使用率=80.0%, 清理阈值=70.0%
2025-09-28 15:42:39,460 - OCR_APP - INFO - logger.pyw:72 - 内存管理器已初始化
2025-09-28 15:42:39,460 - OCR_APP - INFO - logger.pyw:72 - 文本后处理器已初始化
2025-09-28 15:47:46,439 - OCR_APP - INFO - logger.pyw:72 - API实例初始化完成
2025-09-28 15:47:49,573 - OCR_APP - INFO - logger.pyw:72 - OCR服务初始化完成
2025-09-28 15:47:49,574 - OCR_APP - INFO - logger.pyw:72 - 异步OCR处理器初始化完成，最大工作线程数: 3
2025-09-28 15:47:49,574 - OCR_APP - DEBUG - logger.pyw:68 - 进度回调函数已设置
2025-09-28 15:47:49,574 - OCR_APP - DEBUG - logger.pyw:68 - 完成回调函数已设置
2025-09-28 15:47:49,574 - OCR_APP - INFO - logger.pyw:72 - 异步处理器已初始化
2025-09-28 15:47:49,576 - OCR_APP - INFO - logger.pyw:72 - 批量处理优化器初始化完成: 最大工作线程=4, 内存限制=75.0%
2025-09-28 15:47:49,576 - OCR_APP - INFO - logger.pyw:72 - 批量处理优化器已初始化
2025-09-28 15:47:49,576 - OCR_APP - INFO - logger.pyw:72 - 图像预处理器已初始化
2025-09-28 15:47:49,578 - OCR_APP - INFO - logger.pyw:72 - 内存管理器初始化完成: 最大内存使用率=80.0%, 清理阈值=70.0%
2025-09-28 15:47:49,578 - OCR_APP - INFO - logger.pyw:72 - 内存管理器已初始化
2025-09-28 15:47:49,578 - OCR_APP - INFO - logger.pyw:72 - 文本后处理器已初始化
2025-09-28 16:02:52,299 - OCR_APP - INFO - logger.pyw:72 - 性能监控已启动
2025-09-28 16:02:52,300 - OCR_APP - INFO - logger.pyw:72 - API实例初始化完成，已集成错误管理和性能监控
2025-09-28 16:02:57,862 - OCR_APP - INFO - logger.pyw:72 - 缓存管理器初始化完成: 内存缓存=200, 磁盘缓存=1000, 缓存目录=C:\Users\21240\AppData\Local\Temp\ocr_cache
2025-09-28 16:02:57,863 - OCR_APP - INFO - logger.pyw:72 - OCR服务初始化完成，已集成错误管理和性能监控
2025-09-28 16:02:57,863 - OCR_APP - INFO - logger.pyw:72 - 异步OCR处理器初始化完成，最大工作线程数: 3
2025-09-28 16:02:57,863 - OCR_APP - DEBUG - logger.pyw:68 - 进度回调函数已设置
2025-09-28 16:02:57,863 - OCR_APP - DEBUG - logger.pyw:68 - 完成回调函数已设置
2025-09-28 16:02:57,863 - OCR_APP - INFO - logger.pyw:72 - 异步处理器已初始化
2025-09-28 16:02:57,865 - OCR_APP - INFO - logger.pyw:72 - 批量处理优化器初始化完成: 最大工作线程=4, 内存限制=75.0%, 已集成错误管理和性能监控
2025-09-28 16:02:57,865 - OCR_APP - INFO - logger.pyw:72 - 批量处理优化器已初始化
2025-09-28 16:02:57,866 - OCR_APP - INFO - logger.pyw:72 - 图像预处理器已初始化
2025-09-28 16:02:57,866 - OCR_APP - INFO - logger.pyw:72 - 内存管理器已停止
2025-09-28 16:02:57,867 - OCR_APP - INFO - logger.pyw:72 - 文本后处理器已初始化
2025-09-28 16:03:36,258 - OCR_APP - INFO - logger.pyw:72 - 性能监控已启动
2025-09-28 16:03:36,259 - OCR_APP - INFO - logger.pyw:72 - API实例初始化完成，已集成错误管理和性能监控
2025-09-28 16:03:46,026 - OCR_APP - INFO - logger.pyw:72 - 缓存管理器初始化完成: 内存缓存=200, 磁盘缓存=1000, 缓存目录=C:\Users\21240\AppData\Local\Temp\ocr_cache
2025-09-28 16:03:46,026 - OCR_APP - INFO - logger.pyw:72 - OCR服务初始化完成，已集成错误管理和性能监控
2025-09-28 16:03:46,026 - OCR_APP - INFO - logger.pyw:72 - 异步OCR处理器初始化完成，最大工作线程数: 3
2025-09-28 16:03:46,026 - OCR_APP - DEBUG - logger.pyw:68 - 进度回调函数已设置
2025-09-28 16:03:46,026 - OCR_APP - DEBUG - logger.pyw:68 - 完成回调函数已设置
2025-09-28 16:03:46,027 - OCR_APP - INFO - logger.pyw:72 - 异步处理器已初始化
2025-09-28 16:03:46,029 - OCR_APP - INFO - logger.pyw:72 - 批量处理优化器初始化完成: 最大工作线程=4, 内存限制=75.0%, 已集成错误管理和性能监控
2025-09-28 16:03:46,030 - OCR_APP - INFO - logger.pyw:72 - 批量处理优化器已初始化
2025-09-28 16:03:46,030 - OCR_APP - INFO - logger.pyw:72 - 图像预处理器已初始化
2025-09-28 16:03:46,031 - OCR_APP - INFO - logger.pyw:72 - 内存管理器初始化完成: 最大内存使用率=80.0%, 清理阈值=70.0%, 已集成错误管理和性能监控
2025-09-28 16:03:46,031 - OCR_APP - INFO - logger.pyw:72 - 内存管理器已初始化
2025-09-28 16:03:46,032 - OCR_APP - INFO - logger.pyw:72 - 文本后处理器已初始化
2025-09-28 17:00:35,596 - OCR_APP - INFO - logger.pyw:72 - 性能监控已启动
2025-09-28 17:00:35,596 - OCR_APP - INFO - logger.pyw:72 - API实例初始化完成，已集成错误管理和性能监控
2025-09-28 17:00:39,284 - OCR_APP - INFO - logger.pyw:72 - 缓存管理器初始化完成: 内存缓存=200, 磁盘缓存=1000, 缓存目录=C:\Users\21240\AppData\Local\Temp\ocr_cache
2025-09-28 17:00:39,285 - OCR_APP - INFO - logger.pyw:72 - OCR服务初始化完成，已集成错误管理和性能监控
2025-09-28 17:00:39,285 - OCR_APP - INFO - logger.pyw:72 - 异步OCR处理器初始化完成，最大工作线程数: 3
2025-09-28 17:00:39,285 - OCR_APP - DEBUG - logger.pyw:68 - 进度回调函数已设置
2025-09-28 17:00:39,285 - OCR_APP - DEBUG - logger.pyw:68 - 完成回调函数已设置
2025-09-28 17:00:39,285 - OCR_APP - INFO - logger.pyw:72 - 异步处理器已初始化
2025-09-28 17:00:39,287 - OCR_APP - INFO - logger.pyw:72 - 批量处理优化器初始化完成: 最大工作线程=4, 内存限制=75.0%, 已集成错误管理和性能监控
2025-09-28 17:00:39,287 - OCR_APP - INFO - logger.pyw:72 - 批量处理优化器已初始化
2025-09-28 17:00:39,288 - OCR_APP - INFO - logger.pyw:72 - 图像预处理器已初始化
2025-09-28 17:00:39,289 - OCR_APP - INFO - logger.pyw:72 - 内存管理器初始化完成: 最大内存使用率=80.0%, 清理阈值=70.0%, 已集成错误管理和性能监控
2025-09-28 17:00:39,289 - OCR_APP - INFO - logger.pyw:72 - 内存管理器已初始化
2025-09-28 17:00:39,289 - OCR_APP - INFO - logger.pyw:72 - 文本后处理器已初始化
2025-09-28 17:01:31,514 - OCR_APP - INFO - logger.pyw:72 - 性能监控已启动
2025-09-28 17:01:31,514 - OCR_APP - INFO - logger.pyw:72 - API实例初始化完成，已集成错误管理和性能监控
2025-09-28 17:01:35,237 - OCR_APP - INFO - logger.pyw:72 - 缓存管理器初始化完成: 内存缓存=200, 磁盘缓存=1000, 缓存目录=C:\Users\21240\AppData\Local\Temp\ocr_cache
2025-09-28 17:01:35,237 - OCR_APP - INFO - logger.pyw:72 - OCR服务初始化完成，已集成错误管理和性能监控
2025-09-28 17:01:35,237 - OCR_APP - INFO - logger.pyw:72 - 异步OCR处理器初始化完成，最大工作线程数: 3
2025-09-28 17:01:35,237 - OCR_APP - DEBUG - logger.pyw:68 - 进度回调函数已设置
2025-09-28 17:01:35,237 - OCR_APP - DEBUG - logger.pyw:68 - 完成回调函数已设置
2025-09-28 17:01:35,237 - OCR_APP - INFO - logger.pyw:72 - 异步处理器已初始化
2025-09-28 17:01:35,239 - OCR_APP - INFO - logger.pyw:72 - 批量处理优化器初始化完成: 最大工作线程=4, 内存限制=75.0%, 已集成错误管理和性能监控
2025-09-28 17:01:35,240 - OCR_APP - INFO - logger.pyw:72 - 批量处理优化器已初始化
2025-09-28 17:01:35,240 - OCR_APP - INFO - logger.pyw:72 - 图像预处理器已初始化
2025-09-28 17:01:35,241 - OCR_APP - INFO - logger.pyw:72 - 内存管理器初始化完成: 最大内存使用率=80.0%, 清理阈值=70.0%, 已集成错误管理和性能监控
2025-09-28 17:01:35,241 - OCR_APP - INFO - logger.pyw:72 - 内存管理器已初始化
2025-09-28 17:01:35,242 - OCR_APP - INFO - logger.pyw:72 - 文本后处理器已初始化
2025-09-28 17:03:59,239 - OCR_APP - INFO - logger.pyw:72 - 性能监控已启动
2025-09-28 17:03:59,239 - OCR_APP - INFO - logger.pyw:72 - API实例初始化完成，已集成错误管理和性能监控
2025-09-28 17:04:02,832 - OCR_APP - INFO - logger.pyw:72 - 缓存管理器初始化完成: 内存缓存=200, 磁盘缓存=1000, 缓存目录=C:\Users\21240\AppData\Local\Temp\ocr_cache
2025-09-28 17:04:02,832 - OCR_APP - INFO - logger.pyw:72 - OCR服务初始化完成，已集成错误管理和性能监控
2025-09-28 17:04:02,833 - OCR_APP - INFO - logger.pyw:72 - 异步OCR处理器初始化完成，最大工作线程数: 3
2025-09-28 17:04:02,833 - OCR_APP - DEBUG - logger.pyw:68 - 进度回调函数已设置
2025-09-28 17:04:02,833 - OCR_APP - DEBUG - logger.pyw:68 - 完成回调函数已设置
2025-09-28 17:04:02,833 - OCR_APP - INFO - logger.pyw:72 - 异步处理器已初始化
2025-09-28 17:04:02,835 - OCR_APP - INFO - logger.pyw:72 - 批量处理优化器初始化完成: 最大工作线程=4, 内存限制=75.0%, 已集成错误管理和性能监控
2025-09-28 17:04:02,835 - OCR_APP - INFO - logger.pyw:72 - 批量处理优化器已初始化
2025-09-28 17:04:02,836 - OCR_APP - INFO - logger.pyw:72 - 图像预处理器已初始化
2025-09-28 17:04:02,837 - OCR_APP - INFO - logger.pyw:72 - 内存管理器初始化完成: 最大内存使用率=80.0%, 清理阈值=70.0%, 已集成错误管理和性能监控
2025-09-28 17:04:02,837 - OCR_APP - INFO - logger.pyw:72 - 内存管理器已初始化
2025-09-28 17:04:02,837 - OCR_APP - INFO - logger.pyw:72 - 文本后处理器已初始化
2025-09-28 17:09:10,645 - OCR_APP - INFO - logger.pyw:72 - 性能监控已启动
2025-09-28 17:09:10,651 - OCR_APP - INFO - logger.pyw:72 - API实例初始化完成，已集成错误管理和性能监控
2025-09-28 17:09:14,331 - OCR_APP - INFO - logger.pyw:72 - 缓存管理器初始化完成: 内存缓存=200, 磁盘缓存=1000, 缓存目录=C:\Users\21240\AppData\Local\Temp\ocr_cache
2025-09-28 17:09:14,331 - OCR_APP - INFO - logger.pyw:72 - OCR服务初始化完成，已集成错误管理和性能监控
2025-09-28 17:09:14,331 - OCR_APP - INFO - logger.pyw:72 - 异步OCR处理器初始化完成，最大工作线程数: 3
2025-09-28 17:09:14,331 - OCR_APP - DEBUG - logger.pyw:68 - 进度回调函数已设置
2025-09-28 17:09:14,331 - OCR_APP - DEBUG - logger.pyw:68 - 完成回调函数已设置
2025-09-28 17:09:14,331 - OCR_APP - INFO - logger.pyw:72 - 异步处理器已初始化
2025-09-28 17:09:14,334 - OCR_APP - INFO - logger.pyw:72 - 批量处理优化器初始化完成: 最大工作线程=4, 内存限制=75.0%, 已集成错误管理和性能监控
2025-09-28 17:09:14,334 - OCR_APP - INFO - logger.pyw:72 - 批量处理优化器已初始化
2025-09-28 17:09:14,335 - OCR_APP - INFO - logger.pyw:72 - 图像预处理器已初始化
2025-09-28 17:09:14,336 - OCR_APP - INFO - logger.pyw:72 - 内存管理器初始化完成: 最大内存使用率=80.0%, 清理阈值=70.0%, 已集成错误管理和性能监控
2025-09-28 17:09:14,336 - OCR_APP - INFO - logger.pyw:72 - 内存管理器已初始化
2025-09-28 17:09:14,337 - OCR_APP - INFO - logger.pyw:72 - 文本后处理器已初始化
2025-09-28 17:15:50,786 - OCR_APP - INFO - logger.pyw:72 - 性能监控已启动
2025-09-28 17:15:50,786 - OCR_APP - INFO - logger.pyw:72 - API实例初始化完成，已集成错误管理和性能监控
2025-09-28 17:15:54,129 - OCR_APP - INFO - logger.pyw:72 - 缓存管理器初始化完成: 内存缓存=200, 磁盘缓存=1000, 缓存目录=C:\Users\21240\AppData\Local\Temp\ocr_cache
2025-09-28 17:15:54,129 - OCR_APP - INFO - logger.pyw:72 - OCR服务初始化完成，已集成错误管理和性能监控
2025-09-28 17:15:54,129 - OCR_APP - INFO - logger.pyw:72 - 异步OCR处理器初始化完成，最大工作线程数: 3
2025-09-28 17:15:54,130 - OCR_APP - DEBUG - logger.pyw:68 - 进度回调函数已设置
2025-09-28 17:15:54,130 - OCR_APP - DEBUG - logger.pyw:68 - 完成回调函数已设置
2025-09-28 17:15:54,130 - OCR_APP - INFO - logger.pyw:72 - 异步处理器已初始化
2025-09-28 17:15:54,132 - OCR_APP - INFO - logger.pyw:72 - 批量处理优化器初始化完成: 最大工作线程=4, 内存限制=75.0%, 已集成错误管理和性能监控
2025-09-28 17:15:54,133 - OCR_APP - INFO - logger.pyw:72 - 批量处理优化器已初始化
2025-09-28 17:15:54,133 - OCR_APP - INFO - logger.pyw:72 - 图像预处理器已初始化
2025-09-28 17:15:54,135 - OCR_APP - INFO - logger.pyw:72 - 内存管理器初始化完成: 最大内存使用率=80.0%, 清理阈值=70.0%, 已集成错误管理和性能监控
2025-09-28 17:15:54,135 - OCR_APP - INFO - logger.pyw:72 - 内存管理器已初始化
2025-09-28 17:15:54,136 - OCR_APP - INFO - logger.pyw:72 - 文本后处理器已初始化
2025-09-28 17:26:20,947 - OCR_APP - INFO - logger.pyw:72 - 性能监控已启动
2025-09-28 17:26:20,947 - OCR_APP - INFO - logger.pyw:72 - API实例初始化完成，已集成错误管理和性能监控
2025-09-28 17:26:25,656 - OCR_APP - INFO - logger.pyw:72 - 缓存管理器初始化完成: 内存缓存=200, 磁盘缓存=1000, 缓存目录=C:\Users\21240\AppData\Local\Temp\ocr_cache
2025-09-28 17:26:25,656 - OCR_APP - INFO - logger.pyw:72 - OCR服务初始化完成，已集成错误管理和性能监控
2025-09-28 17:26:25,656 - OCR_APP - INFO - logger.pyw:72 - 异步OCR处理器初始化完成，最大工作线程数: 3
2025-09-28 17:26:25,656 - OCR_APP - DEBUG - logger.pyw:68 - 进度回调函数已设置
2025-09-28 17:26:25,656 - OCR_APP - DEBUG - logger.pyw:68 - 完成回调函数已设置
2025-09-28 17:26:25,656 - OCR_APP - INFO - logger.pyw:72 - 异步处理器已初始化
2025-09-28 17:26:25,658 - OCR_APP - INFO - logger.pyw:72 - 批量处理优化器初始化完成: 最大工作线程=4, 内存限制=75.0%, 已集成错误管理和性能监控
2025-09-28 17:26:25,658 - OCR_APP - INFO - logger.pyw:72 - 批量处理优化器已初始化
2025-09-28 17:26:25,659 - OCR_APP - INFO - logger.pyw:72 - 图像预处理器已初始化
2025-09-28 17:26:25,659 - OCR_APP - INFO - logger.pyw:72 - 内存管理器初始化完成: 最大内存使用率=80.0%, 清理阈值=70.0%, 已集成错误管理和性能监控
2025-09-28 17:26:25,659 - OCR_APP - INFO - logger.pyw:72 - 内存管理器已初始化
2025-09-28 17:26:25,660 - OCR_APP - INFO - logger.pyw:72 - 文本后处理器已初始化
2025-09-28 17:26:48,847 - OCR_APP - INFO - logger.pyw:72 - 正在关闭异步OCR处理器...
2025-09-28 17:26:48,848 - OCR_APP - INFO - logger.pyw:72 - 已取消 0 个任务
2025-09-28 17:26:48,848 - OCR_APP - INFO - logger.pyw:72 - 异步OCR处理器已关闭
2025-09-28 17:29:48,026 - OCR_APP - INFO - logger.pyw:72 - 性能监控已启动
2025-09-28 17:29:48,026 - OCR_APP - INFO - logger.pyw:72 - API实例初始化完成，已集成错误管理和性能监控
2025-09-28 17:29:51,657 - OCR_APP - INFO - logger.pyw:72 - 缓存管理器初始化完成: 内存缓存=200, 磁盘缓存=1000, 缓存目录=C:\Users\21240\AppData\Local\Temp\ocr_cache
2025-09-28 17:29:51,658 - OCR_APP - INFO - logger.pyw:72 - OCR服务初始化完成，已集成错误管理和性能监控
2025-09-28 17:29:51,658 - OCR_APP - INFO - logger.pyw:72 - 异步OCR处理器初始化完成，最大工作线程数: 3
2025-09-28 17:29:51,658 - OCR_APP - DEBUG - logger.pyw:68 - 进度回调函数已设置
2025-09-28 17:29:51,658 - OCR_APP - DEBUG - logger.pyw:68 - 完成回调函数已设置
2025-09-28 17:29:51,658 - OCR_APP - INFO - logger.pyw:72 - 异步处理器已初始化
2025-09-28 17:29:51,660 - OCR_APP - INFO - logger.pyw:72 - 批量处理优化器初始化完成: 最大工作线程=4, 内存限制=75.0%, 已集成错误管理和性能监控
2025-09-28 17:29:51,661 - OCR_APP - INFO - logger.pyw:72 - 批量处理优化器已初始化
2025-09-28 17:29:51,661 - OCR_APP - INFO - logger.pyw:72 - 图像预处理器已初始化
2025-09-28 17:29:51,662 - OCR_APP - INFO - logger.pyw:72 - 内存管理器初始化完成: 最大内存使用率=80.0%, 清理阈值=70.0%, 已集成错误管理和性能监控
2025-09-28 17:29:51,662 - OCR_APP - INFO - logger.pyw:72 - 内存管理器已初始化
2025-09-28 17:29:51,663 - OCR_APP - INFO - logger.pyw:72 - 文本后处理器已初始化
2025-09-28 17:44:16,788 - OCR_APP - INFO - logger.pyw:72 - 性能监控已启动
2025-09-28 17:44:16,788 - OCR_APP - INFO - logger.pyw:72 - API实例初始化完成，已集成错误管理和性能监控
2025-09-28 17:44:20,946 - OCR_APP - INFO - logger.pyw:72 - 缓存管理器初始化完成: 内存缓存=200, 磁盘缓存=1000, 缓存目录=C:\Users\21240\AppData\Local\Temp\ocr_cache
2025-09-28 17:44:20,946 - OCR_APP - INFO - logger.pyw:72 - OCR服务初始化完成，已集成错误管理和性能监控
2025-09-28 17:44:20,946 - OCR_APP - INFO - logger.pyw:72 - 异步OCR处理器初始化完成，最大工作线程数: 3
2025-09-28 17:44:20,946 - OCR_APP - DEBUG - logger.pyw:68 - 进度回调函数已设置
2025-09-28 17:44:20,946 - OCR_APP - DEBUG - logger.pyw:68 - 完成回调函数已设置
2025-09-28 17:44:20,946 - OCR_APP - INFO - logger.pyw:72 - 异步处理器已初始化
2025-09-28 17:44:20,948 - OCR_APP - INFO - logger.pyw:72 - 批量处理优化器初始化完成: 最大工作线程=4, 内存限制=75.0%, 已集成错误管理和性能监控
2025-09-28 17:44:20,948 - OCR_APP - INFO - logger.pyw:72 - 批量处理优化器已初始化
2025-09-28 17:44:20,948 - OCR_APP - INFO - logger.pyw:72 - 图像预处理器已初始化
2025-09-28 17:44:20,949 - OCR_APP - INFO - logger.pyw:72 - 内存管理器初始化完成: 最大内存使用率=80.0%, 清理阈值=70.0%, 已集成错误管理和性能监控
2025-09-28 17:44:20,949 - OCR_APP - INFO - logger.pyw:72 - 内存管理器已初始化
2025-09-28 17:44:20,949 - OCR_APP - INFO - logger.pyw:72 - 文本后处理器已初始化
2025-09-28 17:44:47,345 - OCR_APP - INFO - logger.pyw:72 - 正在关闭异步OCR处理器...
2025-09-28 17:44:47,346 - OCR_APP - INFO - logger.pyw:72 - 已取消 0 个任务
2025-09-28 17:44:47,346 - OCR_APP - INFO - logger.pyw:72 - 异步OCR处理器已关闭
2025-09-28 17:45:49,796 - OCR_APP - INFO - logger.pyw:72 - 性能监控已启动
2025-09-28 17:45:49,796 - OCR_APP - INFO - logger.pyw:72 - API实例初始化完成，已集成错误管理和性能监控
2025-09-28 17:45:53,524 - OCR_APP - INFO - logger.pyw:72 - 缓存管理器初始化完成: 内存缓存=200, 磁盘缓存=1000, 缓存目录=C:\Users\21240\AppData\Local\Temp\ocr_cache
2025-09-28 17:45:53,524 - OCR_APP - INFO - logger.pyw:72 - OCR服务初始化完成，已集成错误管理和性能监控
2025-09-28 17:45:53,524 - OCR_APP - INFO - logger.pyw:72 - 异步OCR处理器初始化完成，最大工作线程数: 3
2025-09-28 17:45:53,524 - OCR_APP - DEBUG - logger.pyw:68 - 进度回调函数已设置
2025-09-28 17:45:53,524 - OCR_APP - DEBUG - logger.pyw:68 - 完成回调函数已设置
2025-09-28 17:45:53,524 - OCR_APP - INFO - logger.pyw:72 - 异步处理器已初始化
2025-09-28 17:45:53,526 - OCR_APP - INFO - logger.pyw:72 - 批量处理优化器初始化完成: 最大工作线程=4, 内存限制=75.0%, 已集成错误管理和性能监控
2025-09-28 17:45:53,527 - OCR_APP - INFO - logger.pyw:72 - 批量处理优化器已初始化
2025-09-28 17:45:53,527 - OCR_APP - INFO - logger.pyw:72 - 图像预处理器已初始化
2025-09-28 17:45:53,528 - OCR_APP - INFO - logger.pyw:72 - 内存管理器初始化完成: 最大内存使用率=80.0%, 清理阈值=70.0%, 已集成错误管理和性能监控
2025-09-28 17:45:53,528 - OCR_APP - INFO - logger.pyw:72 - 内存管理器已初始化
2025-09-28 17:45:53,528 - OCR_APP - INFO - logger.pyw:72 - 文本后处理器已初始化
2025-09-28 17:47:33,338 - OCR_APP - INFO - logger.pyw:72 - 性能监控已启动
2025-09-28 17:47:33,338 - OCR_APP - INFO - logger.pyw:72 - API实例初始化完成，已集成错误管理和性能监控
2025-09-28 17:47:36,857 - OCR_APP - INFO - logger.pyw:72 - 缓存管理器初始化完成: 内存缓存=200, 磁盘缓存=1000, 缓存目录=C:\Users\21240\AppData\Local\Temp\ocr_cache
2025-09-28 17:47:36,857 - OCR_APP - INFO - logger.pyw:72 - OCR服务初始化完成，已集成错误管理和性能监控
2025-09-28 17:47:36,857 - OCR_APP - INFO - logger.pyw:72 - 异步OCR处理器初始化完成，最大工作线程数: 3
2025-09-28 17:47:36,857 - OCR_APP - DEBUG - logger.pyw:68 - 进度回调函数已设置
2025-09-28 17:47:36,857 - OCR_APP - DEBUG - logger.pyw:68 - 完成回调函数已设置
2025-09-28 17:47:36,857 - OCR_APP - INFO - logger.pyw:72 - 异步处理器已初始化
2025-09-28 17:47:36,859 - OCR_APP - INFO - logger.pyw:72 - 批量处理优化器初始化完成: 最大工作线程=4, 内存限制=75.0%, 已集成错误管理和性能监控
2025-09-28 17:47:36,859 - OCR_APP - INFO - logger.pyw:72 - 批量处理优化器已初始化
2025-09-28 17:47:36,860 - OCR_APP - INFO - logger.pyw:72 - 图像预处理器已初始化
2025-09-28 17:47:36,861 - OCR_APP - INFO - logger.pyw:72 - 内存管理器初始化完成: 最大内存使用率=80.0%, 清理阈值=70.0%, 已集成错误管理和性能监控
2025-09-28 17:47:36,861 - OCR_APP - INFO - logger.pyw:72 - 内存管理器已初始化
2025-09-28 17:47:36,861 - OCR_APP - INFO - logger.pyw:72 - 文本后处理器已初始化
2025-09-28 17:47:43,396 - OCR_APP - INFO - logger.pyw:72 - 内存缓存已清空
2025-09-28 17:47:43,396 - OCR_APP - INFO - logger.pyw:72 - OCR缓存已清理，清理了 0 个旧缓存项
2025-09-28 17:47:43,396 - OCR_APP - INFO - logger.pyw:72 - 缓存统计: 总请求=0, 命中率=0.0%, 缓存大小=0.00MB
2025-09-28 17:47:43,397 - OCR_APP - INFO - logger.pyw:72 - 内存缓存已清空
2025-09-28 17:47:43,412 - OCR_APP - INFO - logger.pyw:72 - 内存清理完成: 清理缓存 0 项, 当前内存使用率: 52.6%
2025-09-28 17:47:43,422 - OCR_APP - INFO - logger.pyw:72 - 垃圾回收完成，清理对象数: 0
2025-09-28 17:47:43,422 - OCR_APP - INFO - logger.pyw:72 - 内存缓存已清空
2025-09-28 17:47:43,423 - OCR_APP - INFO - logger.pyw:72 - 清理压缩缓存，清理项目数: 0
2025-09-28 17:47:43,428 - OCR_APP - INFO - logger.pyw:72 - 内存清理完成，当前使用率: 0.4%
2025-09-28 17:47:43,428 - OCR_APP - INFO - logger.pyw:72 - 错误历史已清理
2025-09-28 17:47:43,429 - OCR_APP - INFO - logger.pyw:72 - 所有缓存和错误历史已清除
2025-09-28 17:47:43,430 - OCR_APP - INFO - logger.pyw:72 - 用户触发文件选择对话框
2025-09-28 17:47:43,431 - OCR_APP - ERROR - logger.pyw:88 - 异常发生在 select_files: expected string or bytes-like object, got 'tuple'
Traceback (most recent call last):
  File "D:\PythonProject\扫描\src\main_api.pyw", line 258, in select_files
    result = self._window.create_file_dialog(webview.OPEN_DIALOG, allow_multiple=True, file_types=(file_types,))
  File "C:\Users\21240\AppData\Local\Programs\Python\Python313\Lib\site-packages\webview\window.py", line 52, in wrapper
    return function(self, *args, **kwargs)
  File "C:\Users\21240\AppData\Local\Programs\Python\Python313\Lib\site-packages\webview\window.py", line 539, in create_file_dialog
    parse_file_type(f)
    ~~~~~~~~~~~~~~~^^^
  File "C:\Users\21240\AppData\Local\Programs\Python\Python313\Lib\site-packages\webview\util.py", line 154, in parse_file_type
    match = re.search(valid_file_filter, file_type)
  File "C:\Users\21240\AppData\Local\Programs\Python\Python313\Lib\re\__init__.py", line 177, in search
    return _compile(pattern, flags).search(string)
           ~~~~~~~~~~~~~~~~~~~~~~~~~~~~~~~^^^^^^^^
TypeError: expected string or bytes-like object, got 'tuple'
2025-09-28 17:47:45,428 - OCR_APP - INFO - logger.pyw:72 - 内存缓存已清空
2025-09-28 17:47:45,429 - OCR_APP - INFO - logger.pyw:72 - OCR缓存已清理，清理了 0 个旧缓存项
2025-09-28 17:47:45,429 - OCR_APP - INFO - logger.pyw:72 - 缓存统计: 总请求=0, 命中率=0.0%, 缓存大小=0.00MB
2025-09-28 17:47:45,429 - OCR_APP - INFO - logger.pyw:72 - 内存缓存已清空
2025-09-28 17:47:45,445 - OCR_APP - INFO - logger.pyw:72 - 内存清理完成: 清理缓存 0 项, 当前内存使用率: 52.6%
2025-09-28 17:47:45,457 - OCR_APP - INFO - logger.pyw:72 - 垃圾回收完成，清理对象数: 0
2025-09-28 17:47:45,457 - OCR_APP - INFO - logger.pyw:72 - 内存缓存已清空
2025-09-28 17:47:45,458 - OCR_APP - INFO - logger.pyw:72 - 清理压缩缓存，清理项目数: 0
2025-09-28 17:47:45,464 - OCR_APP - INFO - logger.pyw:72 - 内存清理完成，当前使用率: 0.4%
2025-09-28 17:47:45,464 - OCR_APP - INFO - logger.pyw:72 - 错误历史已清理
2025-09-28 17:47:45,464 - OCR_APP - INFO - logger.pyw:72 - 所有缓存和错误历史已清除
2025-09-28 17:47:45,467 - OCR_APP - INFO - logger.pyw:72 - 用户触发文件选择对话框
2025-09-28 17:47:45,467 - OCR_APP - ERROR - logger.pyw:88 - 异常发生在 select_files: expected string or bytes-like object, got 'tuple'
Traceback (most recent call last):
  File "D:\PythonProject\扫描\src\main_api.pyw", line 258, in select_files
    result = self._window.create_file_dialog(webview.OPEN_DIALOG, allow_multiple=True, file_types=(file_types,))
  File "C:\Users\21240\AppData\Local\Programs\Python\Python313\Lib\site-packages\webview\window.py", line 52, in wrapper
    return function(self, *args, **kwargs)
  File "C:\Users\21240\AppData\Local\Programs\Python\Python313\Lib\site-packages\webview\window.py", line 539, in create_file_dialog
    parse_file_type(f)
    ~~~~~~~~~~~~~~~^^^
  File "C:\Users\21240\AppData\Local\Programs\Python\Python313\Lib\site-packages\webview\util.py", line 154, in parse_file_type
    match = re.search(valid_file_filter, file_type)
  File "C:\Users\21240\AppData\Local\Programs\Python\Python313\Lib\re\__init__.py", line 177, in search
    return _compile(pattern, flags).search(string)
           ~~~~~~~~~~~~~~~~~~~~~~~~~~~~~~~^^^^^^^^
TypeError: expected string or bytes-like object, got 'tuple'
2025-09-28 17:47:46,012 - OCR_APP - INFO - logger.pyw:72 - 内存缓存已清空
2025-09-28 17:47:46,012 - OCR_APP - INFO - logger.pyw:72 - OCR缓存已清理，清理了 0 个旧缓存项
2025-09-28 17:47:46,013 - OCR_APP - INFO - logger.pyw:72 - 缓存统计: 总请求=0, 命中率=0.0%, 缓存大小=0.00MB
2025-09-28 17:47:46,013 - OCR_APP - INFO - logger.pyw:72 - 内存缓存已清空
2025-09-28 17:47:46,029 - OCR_APP - INFO - logger.pyw:72 - 内存清理完成: 清理缓存 0 项, 当前内存使用率: 52.6%
2025-09-28 17:47:46,039 - OCR_APP - INFO - logger.pyw:72 - 垃圾回收完成，清理对象数: 0
2025-09-28 17:47:46,039 - OCR_APP - INFO - logger.pyw:72 - 内存缓存已清空
2025-09-28 17:47:46,039 - OCR_APP - INFO - logger.pyw:72 - 清理压缩缓存，清理项目数: 0
2025-09-28 17:47:46,045 - OCR_APP - INFO - logger.pyw:72 - 内存清理完成，当前使用率: 0.4%
2025-09-28 17:47:46,045 - OCR_APP - INFO - logger.pyw:72 - 错误历史已清理
2025-09-28 17:47:46,045 - OCR_APP - INFO - logger.pyw:72 - 所有缓存和错误历史已清除
2025-09-28 17:47:46,048 - OCR_APP - INFO - logger.pyw:72 - 用户触发文件选择对话框
2025-09-28 17:47:46,048 - OCR_APP - ERROR - logger.pyw:88 - 异常发生在 select_files: expected string or bytes-like object, got 'tuple'
Traceback (most recent call last):
  File "D:\PythonProject\扫描\src\main_api.pyw", line 258, in select_files
    result = self._window.create_file_dialog(webview.OPEN_DIALOG, allow_multiple=True, file_types=(file_types,))
  File "C:\Users\21240\AppData\Local\Programs\Python\Python313\Lib\site-packages\webview\window.py", line 52, in wrapper
    return function(self, *args, **kwargs)
  File "C:\Users\21240\AppData\Local\Programs\Python\Python313\Lib\site-packages\webview\window.py", line 539, in create_file_dialog
    parse_file_type(f)
    ~~~~~~~~~~~~~~~^^^
  File "C:\Users\21240\AppData\Local\Programs\Python\Python313\Lib\site-packages\webview\util.py", line 154, in parse_file_type
    match = re.search(valid_file_filter, file_type)
  File "C:\Users\21240\AppData\Local\Programs\Python\Python313\Lib\re\__init__.py", line 177, in search
    return _compile(pattern, flags).search(string)
           ~~~~~~~~~~~~~~~~~~~~~~~~~~~~~~~^^^^^^^^
TypeError: expected string or bytes-like object, got 'tuple'
2025-09-28 17:47:46,471 - OCR_APP - INFO - logger.pyw:72 - 内存缓存已清空
2025-09-28 17:47:46,471 - OCR_APP - INFO - logger.pyw:72 - OCR缓存已清理，清理了 0 个旧缓存项
2025-09-28 17:47:46,472 - OCR_APP - INFO - logger.pyw:72 - 缓存统计: 总请求=0, 命中率=0.0%, 缓存大小=0.00MB
2025-09-28 17:47:46,472 - OCR_APP - INFO - logger.pyw:72 - 内存缓存已清空
2025-09-28 17:47:46,489 - OCR_APP - INFO - logger.pyw:72 - 内存清理完成: 清理缓存 0 项, 当前内存使用率: 52.6%
2025-09-28 17:47:46,504 - OCR_APP - INFO - logger.pyw:72 - 垃圾回收完成，清理对象数: 0
2025-09-28 17:47:46,504 - OCR_APP - INFO - logger.pyw:72 - 内存缓存已清空
2025-09-28 17:47:46,504 - OCR_APP - INFO - logger.pyw:72 - 清理压缩缓存，清理项目数: 0
2025-09-28 17:47:46,511 - OCR_APP - INFO - logger.pyw:72 - 内存清理完成，当前使用率: 0.4%
2025-09-28 17:47:46,511 - OCR_APP - INFO - logger.pyw:72 - 错误历史已清理
2025-09-28 17:47:46,511 - OCR_APP - INFO - logger.pyw:72 - 所有缓存和错误历史已清除
2025-09-28 17:47:46,513 - OCR_APP - INFO - logger.pyw:72 - 用户触发文件选择对话框
2025-09-28 17:47:46,513 - OCR_APP - ERROR - logger.pyw:88 - 异常发生在 select_files: expected string or bytes-like object, got 'tuple'
Traceback (most recent call last):
  File "D:\PythonProject\扫描\src\main_api.pyw", line 258, in select_files
    result = self._window.create_file_dialog(webview.OPEN_DIALOG, allow_multiple=True, file_types=(file_types,))
  File "C:\Users\21240\AppData\Local\Programs\Python\Python313\Lib\site-packages\webview\window.py", line 52, in wrapper
    return function(self, *args, **kwargs)
  File "C:\Users\21240\AppData\Local\Programs\Python\Python313\Lib\site-packages\webview\window.py", line 539, in create_file_dialog
    parse_file_type(f)
    ~~~~~~~~~~~~~~~^^^
  File "C:\Users\21240\AppData\Local\Programs\Python\Python313\Lib\site-packages\webview\util.py", line 154, in parse_file_type
    match = re.search(valid_file_filter, file_type)
  File "C:\Users\21240\AppData\Local\Programs\Python\Python313\Lib\re\__init__.py", line 177, in search
    return _compile(pattern, flags).search(string)
           ~~~~~~~~~~~~~~~~~~~~~~~~~~~~~~~^^^^^^^^
TypeError: expected string or bytes-like object, got 'tuple'
2025-09-28 17:47:46,899 - OCR_APP - INFO - logger.pyw:72 - 内存缓存已清空
2025-09-28 17:47:46,899 - OCR_APP - INFO - logger.pyw:72 - OCR缓存已清理，清理了 0 个旧缓存项
2025-09-28 17:47:46,899 - OCR_APP - INFO - logger.pyw:72 - 缓存统计: 总请求=0, 命中率=0.0%, 缓存大小=0.00MB
2025-09-28 17:47:46,900 - OCR_APP - INFO - logger.pyw:72 - 内存缓存已清空
2025-09-28 17:47:46,917 - OCR_APP - INFO - logger.pyw:72 - 内存清理完成: 清理缓存 0 项, 当前内存使用率: 52.6%
2025-09-28 17:47:46,927 - OCR_APP - INFO - logger.pyw:72 - 垃圾回收完成，清理对象数: 0
2025-09-28 17:47:46,928 - OCR_APP - INFO - logger.pyw:72 - 内存缓存已清空
2025-09-28 17:47:46,928 - OCR_APP - INFO - logger.pyw:72 - 清理压缩缓存，清理项目数: 0
2025-09-28 17:47:46,934 - OCR_APP - INFO - logger.pyw:72 - 内存清理完成，当前使用率: 0.4%
2025-09-28 17:47:46,934 - OCR_APP - INFO - logger.pyw:72 - 错误历史已清理
2025-09-28 17:47:46,934 - OCR_APP - INFO - logger.pyw:72 - 所有缓存和错误历史已清除
2025-09-28 17:47:46,936 - OCR_APP - INFO - logger.pyw:72 - 用户触发文件选择对话框
2025-09-28 17:47:46,936 - OCR_APP - ERROR - logger.pyw:88 - 异常发生在 select_files: expected string or bytes-like object, got 'tuple'
Traceback (most recent call last):
  File "D:\PythonProject\扫描\src\main_api.pyw", line 258, in select_files
    result = self._window.create_file_dialog(webview.OPEN_DIALOG, allow_multiple=True, file_types=(file_types,))
  File "C:\Users\21240\AppData\Local\Programs\Python\Python313\Lib\site-packages\webview\window.py", line 52, in wrapper
    return function(self, *args, **kwargs)
  File "C:\Users\21240\AppData\Local\Programs\Python\Python313\Lib\site-packages\webview\window.py", line 539, in create_file_dialog
    parse_file_type(f)
    ~~~~~~~~~~~~~~~^^^
  File "C:\Users\21240\AppData\Local\Programs\Python\Python313\Lib\site-packages\webview\util.py", line 154, in parse_file_type
    match = re.search(valid_file_filter, file_type)
  File "C:\Users\21240\AppData\Local\Programs\Python\Python313\Lib\re\__init__.py", line 177, in search
    return _compile(pattern, flags).search(string)
           ~~~~~~~~~~~~~~~~~~~~~~~~~~~~~~~^^^^^^^^
TypeError: expected string or bytes-like object, got 'tuple'
2025-09-28 17:47:47,527 - OCR_APP - INFO - logger.pyw:72 - 内存缓存已清空
2025-09-28 17:47:47,527 - OCR_APP - INFO - logger.pyw:72 - OCR缓存已清理，清理了 0 个旧缓存项
2025-09-28 17:47:47,527 - OCR_APP - INFO - logger.pyw:72 - 缓存统计: 总请求=0, 命中率=0.0%, 缓存大小=0.00MB
2025-09-28 17:47:47,527 - OCR_APP - INFO - logger.pyw:72 - 内存缓存已清空
2025-09-28 17:47:47,547 - OCR_APP - INFO - logger.pyw:72 - 内存清理完成: 清理缓存 0 项, 当前内存使用率: 52.6%
2025-09-28 17:47:47,559 - OCR_APP - INFO - logger.pyw:72 - 垃圾回收完成，清理对象数: 0
2025-09-28 17:47:47,560 - OCR_APP - INFO - logger.pyw:72 - 内存缓存已清空
2025-09-28 17:47:47,560 - OCR_APP - INFO - logger.pyw:72 - 清理压缩缓存，清理项目数: 0
2025-09-28 17:47:47,565 - OCR_APP - INFO - logger.pyw:72 - 内存清理完成，当前使用率: 0.4%
2025-09-28 17:47:47,566 - OCR_APP - INFO - logger.pyw:72 - 错误历史已清理
2025-09-28 17:47:47,566 - OCR_APP - INFO - logger.pyw:72 - 所有缓存和错误历史已清除
2025-09-28 17:47:47,568 - OCR_APP - INFO - logger.pyw:72 - 用户触发文件选择对话框
2025-09-28 17:47:47,568 - OCR_APP - ERROR - logger.pyw:88 - 异常发生在 select_files: expected string or bytes-like object, got 'tuple'
Traceback (most recent call last):
  File "D:\PythonProject\扫描\src\main_api.pyw", line 258, in select_files
    result = self._window.create_file_dialog(webview.OPEN_DIALOG, allow_multiple=True, file_types=(file_types,))
  File "C:\Users\21240\AppData\Local\Programs\Python\Python313\Lib\site-packages\webview\window.py", line 52, in wrapper
    return function(self, *args, **kwargs)
  File "C:\Users\21240\AppData\Local\Programs\Python\Python313\Lib\site-packages\webview\window.py", line 539, in create_file_dialog
    parse_file_type(f)
    ~~~~~~~~~~~~~~~^^^
  File "C:\Users\21240\AppData\Local\Programs\Python\Python313\Lib\site-packages\webview\util.py", line 154, in parse_file_type
    match = re.search(valid_file_filter, file_type)
  File "C:\Users\21240\AppData\Local\Programs\Python\Python313\Lib\re\__init__.py", line 177, in search
    return _compile(pattern, flags).search(string)
           ~~~~~~~~~~~~~~~~~~~~~~~~~~~~~~~^^^^^^^^
TypeError: expected string or bytes-like object, got 'tuple'
2025-09-28 17:47:48,031 - OCR_APP - INFO - logger.pyw:72 - 内存缓存已清空
2025-09-28 17:47:48,031 - OCR_APP - INFO - logger.pyw:72 - OCR缓存已清理，清理了 0 个旧缓存项
2025-09-28 17:47:48,031 - OCR_APP - INFO - logger.pyw:72 - 缓存统计: 总请求=0, 命中率=0.0%, 缓存大小=0.00MB
2025-09-28 17:47:48,031 - OCR_APP - INFO - logger.pyw:72 - 内存缓存已清空
2025-09-28 17:47:48,046 - OCR_APP - INFO - logger.pyw:72 - 内存清理完成: 清理缓存 0 项, 当前内存使用率: 52.6%
2025-09-28 17:47:48,058 - OCR_APP - INFO - logger.pyw:72 - 垃圾回收完成，清理对象数: 0
2025-09-28 17:47:48,058 - OCR_APP - INFO - logger.pyw:72 - 内存缓存已清空
2025-09-28 17:47:48,058 - OCR_APP - INFO - logger.pyw:72 - 清理压缩缓存，清理项目数: 0
2025-09-28 17:47:48,064 - OCR_APP - INFO - logger.pyw:72 - 内存清理完成，当前使用率: 0.4%
2025-09-28 17:47:48,064 - OCR_APP - INFO - logger.pyw:72 - 错误历史已清理
2025-09-28 17:47:48,064 - OCR_APP - INFO - logger.pyw:72 - 所有缓存和错误历史已清除
2025-09-28 17:47:48,066 - OCR_APP - INFO - logger.pyw:72 - 用户触发文件选择对话框
2025-09-28 17:47:48,066 - OCR_APP - ERROR - logger.pyw:88 - 异常发生在 select_files: expected string or bytes-like object, got 'tuple'
Traceback (most recent call last):
  File "D:\PythonProject\扫描\src\main_api.pyw", line 258, in select_files
    result = self._window.create_file_dialog(webview.OPEN_DIALOG, allow_multiple=True, file_types=(file_types,))
  File "C:\Users\21240\AppData\Local\Programs\Python\Python313\Lib\site-packages\webview\window.py", line 52, in wrapper
    return function(self, *args, **kwargs)
  File "C:\Users\21240\AppData\Local\Programs\Python\Python313\Lib\site-packages\webview\window.py", line 539, in create_file_dialog
    parse_file_type(f)
    ~~~~~~~~~~~~~~~^^^
  File "C:\Users\21240\AppData\Local\Programs\Python\Python313\Lib\site-packages\webview\util.py", line 154, in parse_file_type
    match = re.search(valid_file_filter, file_type)
  File "C:\Users\21240\AppData\Local\Programs\Python\Python313\Lib\re\__init__.py", line 177, in search
    return _compile(pattern, flags).search(string)
           ~~~~~~~~~~~~~~~~~~~~~~~~~~~~~~~^^^^^^^^
TypeError: expected string or bytes-like object, got 'tuple'
2025-09-28 17:47:48,203 - OCR_APP - INFO - logger.pyw:72 - 内存缓存已清空
2025-09-28 17:47:48,203 - OCR_APP - INFO - logger.pyw:72 - OCR缓存已清理，清理了 0 个旧缓存项
2025-09-28 17:47:48,203 - OCR_APP - INFO - logger.pyw:72 - 缓存统计: 总请求=0, 命中率=0.0%, 缓存大小=0.00MB
2025-09-28 17:47:48,204 - OCR_APP - INFO - logger.pyw:72 - 内存缓存已清空
2025-09-28 17:47:48,219 - OCR_APP - INFO - logger.pyw:72 - 内存清理完成: 清理缓存 0 项, 当前内存使用率: 52.6%
2025-09-28 17:47:48,228 - OCR_APP - INFO - logger.pyw:72 - 垃圾回收完成，清理对象数: 0
2025-09-28 17:47:48,228 - OCR_APP - INFO - logger.pyw:72 - 内存缓存已清空
2025-09-28 17:47:48,228 - OCR_APP - INFO - logger.pyw:72 - 清理压缩缓存，清理项目数: 0
2025-09-28 17:47:48,233 - OCR_APP - INFO - logger.pyw:72 - 内存清理完成，当前使用率: 0.4%
2025-09-28 17:47:48,234 - OCR_APP - INFO - logger.pyw:72 - 错误历史已清理
2025-09-28 17:47:48,234 - OCR_APP - INFO - logger.pyw:72 - 所有缓存和错误历史已清除
2025-09-28 17:47:48,236 - OCR_APP - INFO - logger.pyw:72 - 用户触发文件选择对话框
2025-09-28 17:47:48,236 - OCR_APP - ERROR - logger.pyw:88 - 异常发生在 select_files: expected string or bytes-like object, got 'tuple'
Traceback (most recent call last):
  File "D:\PythonProject\扫描\src\main_api.pyw", line 258, in select_files
    result = self._window.create_file_dialog(webview.OPEN_DIALOG, allow_multiple=True, file_types=(file_types,))
  File "C:\Users\21240\AppData\Local\Programs\Python\Python313\Lib\site-packages\webview\window.py", line 52, in wrapper
    return function(self, *args, **kwargs)
  File "C:\Users\21240\AppData\Local\Programs\Python\Python313\Lib\site-packages\webview\window.py", line 539, in create_file_dialog
    parse_file_type(f)
    ~~~~~~~~~~~~~~~^^^
  File "C:\Users\21240\AppData\Local\Programs\Python\Python313\Lib\site-packages\webview\util.py", line 154, in parse_file_type
    match = re.search(valid_file_filter, file_type)
  File "C:\Users\21240\AppData\Local\Programs\Python\Python313\Lib\re\__init__.py", line 177, in search
    return _compile(pattern, flags).search(string)
           ~~~~~~~~~~~~~~~~~~~~~~~~~~~~~~~^^^^^^^^
TypeError: expected string or bytes-like object, got 'tuple'
2025-09-28 17:47:48,384 - OCR_APP - INFO - logger.pyw:72 - 内存缓存已清空
2025-09-28 17:47:48,384 - OCR_APP - INFO - logger.pyw:72 - OCR缓存已清理，清理了 0 个旧缓存项
2025-09-28 17:47:48,385 - OCR_APP - INFO - logger.pyw:72 - 缓存统计: 总请求=0, 命中率=0.0%, 缓存大小=0.00MB
2025-09-28 17:47:48,385 - OCR_APP - INFO - logger.pyw:72 - 内存缓存已清空
2025-09-28 17:47:48,401 - OCR_APP - INFO - logger.pyw:72 - 内存清理完成: 清理缓存 0 项, 当前内存使用率: 52.6%
2025-09-28 17:47:48,412 - OCR_APP - INFO - logger.pyw:72 - 垃圾回收完成，清理对象数: 0
2025-09-28 17:47:48,412 - OCR_APP - INFO - logger.pyw:72 - 内存缓存已清空
2025-09-28 17:47:48,412 - OCR_APP - INFO - logger.pyw:72 - 清理压缩缓存，清理项目数: 0
2025-09-28 17:47:48,418 - OCR_APP - INFO - logger.pyw:72 - 内存清理完成，当前使用率: 0.4%
2025-09-28 17:47:48,418 - OCR_APP - INFO - logger.pyw:72 - 错误历史已清理
2025-09-28 17:47:48,418 - OCR_APP - INFO - logger.pyw:72 - 所有缓存和错误历史已清除
2025-09-28 17:47:48,420 - OCR_APP - INFO - logger.pyw:72 - 用户触发文件选择对话框
2025-09-28 17:47:48,420 - OCR_APP - ERROR - logger.pyw:88 - 异常发生在 select_files: expected string or bytes-like object, got 'tuple'
Traceback (most recent call last):
  File "D:\PythonProject\扫描\src\main_api.pyw", line 258, in select_files
    result = self._window.create_file_dialog(webview.OPEN_DIALOG, allow_multiple=True, file_types=(file_types,))
  File "C:\Users\21240\AppData\Local\Programs\Python\Python313\Lib\site-packages\webview\window.py", line 52, in wrapper
    return function(self, *args, **kwargs)
  File "C:\Users\21240\AppData\Local\Programs\Python\Python313\Lib\site-packages\webview\window.py", line 539, in create_file_dialog
    parse_file_type(f)
    ~~~~~~~~~~~~~~~^^^
  File "C:\Users\21240\AppData\Local\Programs\Python\Python313\Lib\site-packages\webview\util.py", line 154, in parse_file_type
    match = re.search(valid_file_filter, file_type)
  File "C:\Users\21240\AppData\Local\Programs\Python\Python313\Lib\re\__init__.py", line 177, in search
    return _compile(pattern, flags).search(string)
           ~~~~~~~~~~~~~~~~~~~~~~~~~~~~~~~^^^^^^^^
TypeError: expected string or bytes-like object, got 'tuple'
2025-09-28 17:47:48,563 - OCR_APP - INFO - logger.pyw:72 - 内存缓存已清空
2025-09-28 17:47:48,563 - OCR_APP - INFO - logger.pyw:72 - OCR缓存已清理，清理了 0 个旧缓存项
2025-09-28 17:47:48,563 - OCR_APP - INFO - logger.pyw:72 - 缓存统计: 总请求=0, 命中率=0.0%, 缓存大小=0.00MB
2025-09-28 17:47:48,564 - OCR_APP - INFO - logger.pyw:72 - 内存缓存已清空
2025-09-28 17:47:48,580 - OCR_APP - INFO - logger.pyw:72 - 内存清理完成: 清理缓存 0 项, 当前内存使用率: 52.6%
2025-09-28 17:47:48,594 - OCR_APP - INFO - logger.pyw:72 - 垃圾回收完成，清理对象数: 0
2025-09-28 17:47:48,594 - OCR_APP - INFO - logger.pyw:72 - 内存缓存已清空
2025-09-28 17:47:48,595 - OCR_APP - INFO - logger.pyw:72 - 清理压缩缓存，清理项目数: 0
2025-09-28 17:47:48,601 - OCR_APP - INFO - logger.pyw:72 - 内存清理完成，当前使用率: 0.4%
2025-09-28 17:47:48,601 - OCR_APP - INFO - logger.pyw:72 - 错误历史已清理
2025-09-28 17:47:48,602 - OCR_APP - INFO - logger.pyw:72 - 所有缓存和错误历史已清除
2025-09-28 17:47:48,604 - OCR_APP - INFO - logger.pyw:72 - 用户触发文件选择对话框
2025-09-28 17:47:48,604 - OCR_APP - ERROR - logger.pyw:88 - 异常发生在 select_files: expected string or bytes-like object, got 'tuple'
Traceback (most recent call last):
  File "D:\PythonProject\扫描\src\main_api.pyw", line 258, in select_files
    result = self._window.create_file_dialog(webview.OPEN_DIALOG, allow_multiple=True, file_types=(file_types,))
  File "C:\Users\21240\AppData\Local\Programs\Python\Python313\Lib\site-packages\webview\window.py", line 52, in wrapper
    return function(self, *args, **kwargs)
  File "C:\Users\21240\AppData\Local\Programs\Python\Python313\Lib\site-packages\webview\window.py", line 539, in create_file_dialog
    parse_file_type(f)
    ~~~~~~~~~~~~~~~^^^
  File "C:\Users\21240\AppData\Local\Programs\Python\Python313\Lib\site-packages\webview\util.py", line 154, in parse_file_type
    match = re.search(valid_file_filter, file_type)
  File "C:\Users\21240\AppData\Local\Programs\Python\Python313\Lib\re\__init__.py", line 177, in search
    return _compile(pattern, flags).search(string)
           ~~~~~~~~~~~~~~~~~~~~~~~~~~~~~~~^^^^^^^^
TypeError: expected string or bytes-like object, got 'tuple'
2025-09-28 17:54:38,034 - OCR_APP - INFO - logger.pyw:72 - 性能监控已启动
2025-09-28 17:54:38,035 - OCR_APP - INFO - logger.pyw:72 - API实例初始化完成，已集成错误管理和性能监控
2025-09-28 17:54:41,608 - OCR_APP - INFO - logger.pyw:72 - 缓存管理器初始化完成: 内存缓存=200, 磁盘缓存=1000, 缓存目录=C:\Users\21240\AppData\Local\Temp\ocr_cache
2025-09-28 17:54:41,608 - OCR_APP - INFO - logger.pyw:72 - OCR服务初始化完成，已集成错误管理和性能监控
2025-09-28 17:54:41,608 - OCR_APP - INFO - logger.pyw:72 - 异步OCR处理器初始化完成，最大工作线程数: 3
2025-09-28 17:54:41,608 - OCR_APP - DEBUG - logger.pyw:68 - 进度回调函数已设置
2025-09-28 17:54:41,608 - OCR_APP - DEBUG - logger.pyw:68 - 完成回调函数已设置
2025-09-28 17:54:41,608 - OCR_APP - INFO - logger.pyw:72 - 异步处理器已初始化
2025-09-28 17:54:41,610 - OCR_APP - INFO - logger.pyw:72 - 批量处理优化器初始化完成: 最大工作线程=4, 内存限制=75.0%, 已集成错误管理和性能监控
2025-09-28 17:54:41,610 - OCR_APP - INFO - logger.pyw:72 - 批量处理优化器已初始化
2025-09-28 17:54:41,611 - OCR_APP - INFO - logger.pyw:72 - 图像预处理器已初始化
2025-09-28 17:54:41,611 - OCR_APP - INFO - logger.pyw:72 - 内存管理器初始化完成: 最大内存使用率=80.0%, 清理阈值=70.0%, 已集成错误管理和性能监控
2025-09-28 17:54:41,612 - OCR_APP - INFO - logger.pyw:72 - 内存管理器已初始化
2025-09-28 17:54:41,612 - OCR_APP - INFO - logger.pyw:72 - 文本后处理器已初始化
2025-09-28 17:55:48,540 - OCR_APP - INFO - logger.pyw:72 - 性能监控已启动
2025-09-28 17:55:48,541 - OCR_APP - INFO - logger.pyw:72 - API实例初始化完成，已集成错误管理和性能监控
2025-09-28 17:55:51,626 - OCR_APP - INFO - logger.pyw:72 - 缓存管理器初始化完成: 内存缓存=200, 磁盘缓存=1000, 缓存目录=C:\Users\21240\AppData\Local\Temp\ocr_cache
2025-09-28 17:55:51,627 - OCR_APP - INFO - logger.pyw:72 - OCR服务初始化完成，已集成错误管理和性能监控
2025-09-28 17:55:51,627 - OCR_APP - INFO - logger.pyw:72 - 异步OCR处理器初始化完成，最大工作线程数: 3
2025-09-28 17:55:51,627 - OCR_APP - DEBUG - logger.pyw:68 - 进度回调函数已设置
2025-09-28 17:55:51,627 - OCR_APP - DEBUG - logger.pyw:68 - 完成回调函数已设置
2025-09-28 17:55:51,628 - OCR_APP - INFO - logger.pyw:72 - 异步处理器已初始化
2025-09-28 17:55:51,630 - OCR_APP - INFO - logger.pyw:72 - 批量处理优化器初始化完成: 最大工作线程=4, 内存限制=75.0%, 已集成错误管理和性能监控
2025-09-28 17:55:51,630 - OCR_APP - INFO - logger.pyw:72 - 批量处理优化器已初始化
2025-09-28 17:55:51,630 - OCR_APP - INFO - logger.pyw:72 - 图像预处理器已初始化
2025-09-28 17:55:51,631 - OCR_APP - INFO - logger.pyw:72 - 内存管理器初始化完成: 最大内存使用率=80.0%, 清理阈值=70.0%, 已集成错误管理和性能监控
2025-09-28 17:55:51,631 - OCR_APP - INFO - logger.pyw:72 - 内存管理器已初始化
2025-09-28 17:55:51,632 - OCR_APP - INFO - logger.pyw:72 - 文本后处理器已初始化
2025-09-28 17:56:30,812 - OCR_APP - INFO - logger.pyw:72 - 性能监控已启动
2025-09-28 17:56:30,813 - OCR_APP - INFO - logger.pyw:72 - API实例初始化完成，已集成错误管理和性能监控
2025-09-28 17:56:34,881 - OCR_APP - INFO - logger.pyw:72 - 缓存管理器初始化完成: 内存缓存=200, 磁盘缓存=1000, 缓存目录=C:\Users\21240\AppData\Local\Temp\ocr_cache
2025-09-28 17:56:34,881 - OCR_APP - INFO - logger.pyw:72 - OCR服务初始化完成，已集成错误管理和性能监控
2025-09-28 17:56:34,881 - OCR_APP - INFO - logger.pyw:72 - 异步OCR处理器初始化完成，最大工作线程数: 3
2025-09-28 17:56:34,881 - OCR_APP - DEBUG - logger.pyw:68 - 进度回调函数已设置
2025-09-28 17:56:34,882 - OCR_APP - DEBUG - logger.pyw:68 - 完成回调函数已设置
2025-09-28 17:56:34,882 - OCR_APP - INFO - logger.pyw:72 - 异步处理器已初始化
2025-09-28 17:56:34,883 - OCR_APP - INFO - logger.pyw:72 - 批量处理优化器初始化完成: 最大工作线程=4, 内存限制=75.0%, 已集成错误管理和性能监控
2025-09-28 17:56:34,884 - OCR_APP - INFO - logger.pyw:72 - 批量处理优化器已初始化
2025-09-28 17:56:34,884 - OCR_APP - INFO - logger.pyw:72 - 图像预处理器已初始化
2025-09-28 17:56:34,884 - OCR_APP - INFO - logger.pyw:72 - 内存管理器初始化完成: 最大内存使用率=80.0%, 清理阈值=70.0%, 已集成错误管理和性能监控
2025-09-28 17:56:34,884 - OCR_APP - INFO - logger.pyw:72 - 内存管理器已初始化
2025-09-28 17:56:34,885 - OCR_APP - INFO - logger.pyw:72 - 文本后处理器已初始化
2025-09-28 17:56:40,507 - OCR_APP - INFO - logger.pyw:72 - 内存缓存已清空
2025-09-28 17:56:40,508 - OCR_APP - INFO - logger.pyw:72 - OCR缓存已清理，清理了 0 个旧缓存项
2025-09-28 17:56:40,508 - OCR_APP - INFO - logger.pyw:72 - 缓存统计: 总请求=0, 命中率=0.0%, 缓存大小=0.00MB
2025-09-28 17:56:40,508 - OCR_APP - INFO - logger.pyw:72 - 内存缓存已清空
2025-09-28 17:56:40,524 - OCR_APP - INFO - logger.pyw:72 - 内存清理完成: 清理缓存 0 项, 当前内存使用率: 52.3%
2025-09-28 17:56:40,534 - OCR_APP - INFO - logger.pyw:72 - 垃圾回收完成，清理对象数: 0
2025-09-28 17:56:40,534 - OCR_APP - INFO - logger.pyw:72 - 内存缓存已清空
2025-09-28 17:56:40,534 - OCR_APP - INFO - logger.pyw:72 - 清理压缩缓存，清理项目数: 0
2025-09-28 17:56:40,539 - OCR_APP - INFO - logger.pyw:72 - 内存清理完成，当前使用率: 0.4%
2025-09-28 17:56:40,539 - OCR_APP - INFO - logger.pyw:72 - 错误历史已清理
2025-09-28 17:56:40,540 - OCR_APP - INFO - logger.pyw:72 - 所有缓存和错误历史已清除
2025-09-28 17:56:40,543 - OCR_APP - INFO - logger.pyw:72 - 用户触发文件选择对话框
2025-09-28 17:56:40,543 - OCR_APP - ERROR - logger.pyw:88 - 异常发生在 select_files: expected string or bytes-like object, got 'tuple'
Traceback (most recent call last):
  File "D:\PythonProject\扫描\src\main_api.pyw", line 258, in select_files
    result = self._window.create_file_dialog(webview.OPEN_DIALOG, allow_multiple=True, file_types=[file_types])
  File "D:\PythonProject\.venv\Lib\site-packages\webview\window.py", line 50, in wrapper
    return function(self, *args, **kwargs)
  File "D:\PythonProject\.venv\Lib\site-packages\webview\window.py", line 523, in create_file_dialog
    parse_file_type(f)
    ~~~~~~~~~~~~~~~^^^
  File "D:\PythonProject\.venv\Lib\site-packages\webview\util.py", line 155, in parse_file_type
    match = re.search(valid_file_filter, file_type)
  File "C:\Users\21240\AppData\Local\Programs\Python\Python313\Lib\re\__init__.py", line 177, in search
    return _compile(pattern, flags).search(string)
           ~~~~~~~~~~~~~~~~~~~~~~~~~~~~~~~^^^^^^^^
TypeError: expected string or bytes-like object, got 'tuple'
2025-09-28 17:57:49,311 - OCR_APP - INFO - logger.pyw:72 - 正在关闭异步OCR处理器...
2025-09-28 17:57:49,312 - OCR_APP - INFO - logger.pyw:72 - 已取消 0 个任务
2025-09-28 17:57:49,312 - OCR_APP - INFO - logger.pyw:72 - 异步OCR处理器已关闭
2025-09-28 17:59:33,625 - OCR_APP - INFO - logger.pyw:72 - 性能监控已启动
2025-09-28 17:59:33,625 - OCR_APP - INFO - logger.pyw:72 - API实例初始化完成，已集成错误管理和性能监控
2025-09-28 17:59:37,688 - OCR_APP - INFO - logger.pyw:72 - 缓存管理器初始化完成: 内存缓存=200, 磁盘缓存=1000, 缓存目录=C:\Users\21240\AppData\Local\Temp\ocr_cache
2025-09-28 17:59:37,688 - OCR_APP - INFO - logger.pyw:72 - OCR服务初始化完成，已集成错误管理和性能监控
2025-09-28 17:59:37,688 - OCR_APP - INFO - logger.pyw:72 - 异步OCR处理器初始化完成，最大工作线程数: 3
2025-09-28 17:59:37,688 - OCR_APP - DEBUG - logger.pyw:68 - 进度回调函数已设置
2025-09-28 17:59:37,688 - OCR_APP - DEBUG - logger.pyw:68 - 完成回调函数已设置
2025-09-28 17:59:37,688 - OCR_APP - INFO - logger.pyw:72 - 异步处理器已初始化
2025-09-28 17:59:37,690 - OCR_APP - INFO - logger.pyw:72 - 批量处理优化器初始化完成: 最大工作线程=4, 内存限制=75.0%, 已集成错误管理和性能监控
2025-09-28 17:59:37,690 - OCR_APP - INFO - logger.pyw:72 - 批量处理优化器已初始化
2025-09-28 17:59:37,690 - OCR_APP - INFO - logger.pyw:72 - 图像预处理器已初始化
2025-09-28 17:59:37,691 - OCR_APP - INFO - logger.pyw:72 - 内存管理器初始化完成: 最大内存使用率=80.0%, 清理阈值=70.0%, 已集成错误管理和性能监控
2025-09-28 17:59:37,691 - OCR_APP - INFO - logger.pyw:72 - 内存管理器已初始化
2025-09-28 17:59:37,691 - OCR_APP - INFO - logger.pyw:72 - 文本后处理器已初始化
2025-09-28 17:59:52,132 - OCR_APP - INFO - logger.pyw:72 - 正在关闭异步OCR处理器...
2025-09-28 17:59:52,133 - OCR_APP - INFO - logger.pyw:72 - 已取消 0 个任务
2025-09-28 17:59:52,133 - OCR_APP - INFO - logger.pyw:72 - 异步OCR处理器已关闭
2025-09-28 18:01:41,499 - OCR_APP - INFO - logger.pyw:72 - 性能监控已启动
2025-09-28 18:01:41,500 - OCR_APP - INFO - logger.pyw:72 - API实例初始化完成，已集成错误管理和性能监控
2025-09-28 18:01:44,477 - OCR_APP - INFO - logger.pyw:72 - 缓存管理器初始化完成: 内存缓存=200, 磁盘缓存=1000, 缓存目录=C:\Users\21240\AppData\Local\Temp\ocr_cache
2025-09-28 18:01:44,477 - OCR_APP - INFO - logger.pyw:72 - OCR服务初始化完成，已集成错误管理和性能监控
2025-09-28 18:01:44,477 - OCR_APP - INFO - logger.pyw:72 - 异步OCR处理器初始化完成，最大工作线程数: 3
2025-09-28 18:01:44,477 - OCR_APP - DEBUG - logger.pyw:68 - 进度回调函数已设置
2025-09-28 18:01:44,477 - OCR_APP - DEBUG - logger.pyw:68 - 完成回调函数已设置
2025-09-28 18:01:44,477 - OCR_APP - INFO - logger.pyw:72 - 异步处理器已初始化
2025-09-28 18:01:44,480 - OCR_APP - INFO - logger.pyw:72 - 批量处理优化器初始化完成: 最大工作线程=4, 内存限制=75.0%, 已集成错误管理和性能监控
2025-09-28 18:01:44,480 - OCR_APP - INFO - logger.pyw:72 - 批量处理优化器已初始化
2025-09-28 18:01:44,480 - OCR_APP - INFO - logger.pyw:72 - 图像预处理器已初始化
2025-09-28 18:01:44,481 - OCR_APP - INFO - logger.pyw:72 - 内存管理器初始化完成: 最大内存使用率=80.0%, 清理阈值=70.0%, 已集成错误管理和性能监控
2025-09-28 18:01:44,481 - OCR_APP - INFO - logger.pyw:72 - 内存管理器已初始化
2025-09-28 18:01:44,482 - OCR_APP - INFO - logger.pyw:72 - 文本后处理器已初始化
2025-09-28 18:03:15,892 - OCR_APP - INFO - logger.pyw:72 - 性能监控已启动
2025-09-28 18:03:15,893 - OCR_APP - INFO - logger.pyw:72 - API实例初始化完成，已集成错误管理和性能监控
2025-09-28 18:03:19,890 - OCR_APP - INFO - logger.pyw:72 - 缓存管理器初始化完成: 内存缓存=200, 磁盘缓存=1000, 缓存目录=C:\Users\21240\AppData\Local\Temp\ocr_cache
2025-09-28 18:03:19,890 - OCR_APP - INFO - logger.pyw:72 - OCR服务初始化完成，已集成错误管理和性能监控
2025-09-28 18:03:19,890 - OCR_APP - INFO - logger.pyw:72 - 异步OCR处理器初始化完成，最大工作线程数: 3
2025-09-28 18:03:19,890 - OCR_APP - DEBUG - logger.pyw:68 - 进度回调函数已设置
2025-09-28 18:03:19,890 - OCR_APP - DEBUG - logger.pyw:68 - 完成回调函数已设置
2025-09-28 18:03:19,890 - OCR_APP - INFO - logger.pyw:72 - 异步处理器已初始化
2025-09-28 18:03:19,892 - OCR_APP - INFO - logger.pyw:72 - 批量处理优化器初始化完成: 最大工作线程=4, 内存限制=75.0%, 已集成错误管理和性能监控
2025-09-28 18:03:19,892 - OCR_APP - INFO - logger.pyw:72 - 批量处理优化器已初始化
2025-09-28 18:03:19,892 - OCR_APP - INFO - logger.pyw:72 - 图像预处理器已初始化
2025-09-28 18:03:19,893 - OCR_APP - INFO - logger.pyw:72 - 内存管理器初始化完成: 最大内存使用率=80.0%, 清理阈值=70.0%, 已集成错误管理和性能监控
2025-09-28 18:03:19,893 - OCR_APP - INFO - logger.pyw:72 - 内存管理器已初始化
2025-09-28 18:03:19,893 - OCR_APP - INFO - logger.pyw:72 - 文本后处理器已初始化
2025-09-28 18:05:50,872 - OCR_APP - INFO - logger.pyw:72 - 正在关闭异步OCR处理器...
2025-09-28 18:05:50,873 - OCR_APP - INFO - logger.pyw:72 - 已取消 0 个任务
2025-09-28 18:05:50,873 - OCR_APP - INFO - logger.pyw:72 - 异步OCR处理器已关闭
2025-09-28 18:08:40,174 - OCR_APP - INFO - logger.pyw:72 - 性能监控已启动
2025-09-28 18:08:40,181 - OCR_APP - INFO - logger.pyw:72 - API实例初始化完成，已集成错误管理和性能监控
2025-09-28 18:08:43,826 - OCR_APP - INFO - logger.pyw:72 - 缓存管理器初始化完成: 内存缓存=200, 磁盘缓存=1000, 缓存目录=C:\Users\21240\AppData\Local\Temp\ocr_cache
2025-09-28 18:08:43,826 - OCR_APP - INFO - logger.pyw:72 - OCR服务初始化完成，已集成错误管理和性能监控
2025-09-28 18:08:43,826 - OCR_APP - INFO - logger.pyw:72 - 异步OCR处理器初始化完成，最大工作线程数: 3
2025-09-28 18:08:43,826 - OCR_APP - DEBUG - logger.pyw:68 - 进度回调函数已设置
2025-09-28 18:08:43,826 - OCR_APP - DEBUG - logger.pyw:68 - 完成回调函数已设置
2025-09-28 18:08:43,826 - OCR_APP - INFO - logger.pyw:72 - 异步处理器已初始化
2025-09-28 18:08:43,826 - OCR_APP - INFO - logger.pyw:72 - 批量处理优化器初始化完成: 最大工作线程=4, 内存限制=75.0%, 已集成错误管理和性能监控
2025-09-28 18:08:43,826 - OCR_APP - INFO - logger.pyw:72 - 批量处理优化器已初始化
2025-09-28 18:08:43,829 - OCR_APP - INFO - logger.pyw:72 - 图像预处理器已初始化
2025-09-28 18:08:43,830 - OCR_APP - INFO - logger.pyw:72 - 内存管理器初始化完成: 最大内存使用率=80.0%, 清理阈值=70.0%, 已集成错误管理和性能监控
2025-09-28 18:08:43,830 - OCR_APP - INFO - logger.pyw:72 - 内存管理器已初始化
2025-09-28 18:08:43,830 - OCR_APP - INFO - logger.pyw:72 - 文本后处理器已初始化
2025-09-28 18:10:52,938 - OCR_APP - INFO - logger.pyw:72 - 性能监控已启动
2025-09-28 18:10:52,939 - OCR_APP - INFO - logger.pyw:72 - API实例初始化完成，已集成错误管理和性能监控
2025-09-28 18:10:56,701 - OCR_APP - INFO - logger.pyw:72 - 缓存管理器初始化完成: 内存缓存=200, 磁盘缓存=1000, 缓存目录=C:\Users\21240\AppData\Local\Temp\ocr_cache
2025-09-28 18:10:56,701 - OCR_APP - INFO - logger.pyw:72 - OCR服务初始化完成，已集成错误管理和性能监控
2025-09-28 18:10:56,701 - OCR_APP - INFO - logger.pyw:72 - 异步OCR处理器初始化完成，最大工作线程数: 3
2025-09-28 18:10:56,701 - OCR_APP - DEBUG - logger.pyw:68 - 进度回调函数已设置
2025-09-28 18:10:56,701 - OCR_APP - DEBUG - logger.pyw:68 - 完成回调函数已设置
2025-09-28 18:10:56,701 - OCR_APP - INFO - logger.pyw:72 - 异步处理器已初始化
2025-09-28 18:10:56,701 - OCR_APP - INFO - logger.pyw:72 - 批量处理优化器初始化完成: 最大工作线程=4, 内存限制=75.0%, 已集成错误管理和性能监控
2025-09-28 18:10:56,701 - OCR_APP - INFO - logger.pyw:72 - 批量处理优化器已初始化
2025-09-28 18:10:56,704 - OCR_APP - INFO - logger.pyw:72 - 图像预处理器已初始化
2025-09-28 18:10:56,704 - OCR_APP - INFO - logger.pyw:72 - 内存管理器初始化完成: 最大内存使用率=80.0%, 清理阈值=70.0%, 已集成错误管理和性能监控
2025-09-28 18:10:56,705 - OCR_APP - INFO - logger.pyw:72 - 内存管理器已初始化
2025-09-28 18:10:56,705 - OCR_APP - INFO - logger.pyw:72 - 文本后处理器已初始化
2025-09-28 18:15:02,095 - OCR_APP - INFO - logger.pyw:72 - 性能监控已启动
2025-09-28 18:15:02,095 - OCR_APP - INFO - logger.pyw:72 - API实例初始化完成，已集成错误管理和性能监控
2025-09-28 18:15:05,177 - OCR_APP - INFO - logger.pyw:72 - 缓存管理器初始化完成: 内存缓存=200, 磁盘缓存=1000, 缓存目录=C:\Users\21240\AppData\Local\Temp\ocr_cache
2025-09-28 18:15:05,178 - OCR_APP - INFO - logger.pyw:72 - OCR服务初始化完成，已集成错误管理和性能监控
2025-09-28 18:15:05,178 - OCR_APP - INFO - logger.pyw:72 - 异步OCR处理器初始化完成，最大工作线程数: 3
2025-09-28 18:15:05,178 - OCR_APP - DEBUG - logger.pyw:68 - 进度回调函数已设置
2025-09-28 18:15:05,178 - OCR_APP - DEBUG - logger.pyw:68 - 完成回调函数已设置
2025-09-28 18:15:05,178 - OCR_APP - INFO - logger.pyw:72 - 异步处理器已初始化
2025-09-28 18:15:05,178 - OCR_APP - INFO - logger.pyw:72 - 批量处理优化器初始化完成: 最大工作线程=4, 内存限制=75.0%, 已集成错误管理和性能监控
2025-09-28 18:15:05,178 - OCR_APP - INFO - logger.pyw:72 - 批量处理优化器已初始化
2025-09-28 18:15:05,180 - OCR_APP - INFO - logger.pyw:72 - 图像预处理器已初始化
2025-09-28 18:15:05,181 - OCR_APP - INFO - logger.pyw:72 - 内存管理器初始化完成: 最大内存使用率=80.0%, 清理阈值=70.0%, 已集成错误管理和性能监控
2025-09-28 18:15:05,181 - OCR_APP - INFO - logger.pyw:72 - 内存管理器已初始化
2025-09-28 18:15:05,181 - OCR_APP - INFO - logger.pyw:72 - 文本后处理器已初始化
2025-09-28 18:20:19,019 - OCR_APP - INFO - logger.pyw:72 - 性能监控已启动
2025-09-28 18:20:19,020 - OCR_APP - INFO - logger.pyw:72 - API实例初始化完成，已集成错误管理和性能监控
2025-09-28 18:20:22,703 - OCR_APP - INFO - logger.pyw:72 - 缓存管理器初始化完成: 内存缓存=200, 磁盘缓存=1000, 缓存目录=C:\Users\21240\AppData\Local\Temp\ocr_cache
2025-09-28 18:20:22,703 - OCR_APP - INFO - logger.pyw:72 - OCR服务初始化完成，已集成错误管理和性能监控
2025-09-28 18:20:22,704 - OCR_APP - INFO - logger.pyw:72 - 异步OCR处理器初始化完成，最大工作线程数: 3
2025-09-28 18:20:22,704 - OCR_APP - DEBUG - logger.pyw:68 - 进度回调函数已设置
2025-09-28 18:20:22,704 - OCR_APP - DEBUG - logger.pyw:68 - 完成回调函数已设置
2025-09-28 18:20:22,704 - OCR_APP - INFO - logger.pyw:72 - 异步处理器已初始化
2025-09-28 18:20:22,704 - OCR_APP - INFO - logger.pyw:72 - 批量处理优化器初始化完成: 最大工作线程=4, 内存限制=75.0%, 已集成错误管理和性能监控
2025-09-28 18:20:22,704 - OCR_APP - INFO - logger.pyw:72 - 批量处理优化器已初始化
2025-09-28 18:20:22,706 - OCR_APP - INFO - logger.pyw:72 - 图像预处理器已初始化
2025-09-28 18:20:22,707 - OCR_APP - INFO - logger.pyw:72 - 内存管理器初始化完成: 最大内存使用率=80.0%, 清理阈值=70.0%, 已集成错误管理和性能监控
2025-09-28 18:20:22,707 - OCR_APP - INFO - logger.pyw:72 - 内存管理器已初始化
2025-09-28 18:20:22,707 - OCR_APP - INFO - logger.pyw:72 - 文本后处理器已初始化
2025-09-28 18:22:59,677 - OCR_APP - INFO - logger.pyw:72 - 性能监控已启动
2025-09-28 18:22:59,678 - OCR_APP - INFO - logger.pyw:72 - API实例初始化完成，已集成错误管理和性能监控
2025-09-28 18:23:03,204 - OCR_APP - INFO - logger.pyw:72 - 缓存管理器初始化完成: 内存缓存=200, 磁盘缓存=1000, 缓存目录=C:\Users\21240\AppData\Local\Temp\ocr_cache
2025-09-28 18:23:03,204 - OCR_APP - INFO - logger.pyw:72 - OCR服务初始化完成，已集成错误管理和性能监控
2025-09-28 18:23:03,204 - OCR_APP - INFO - logger.pyw:72 - 异步OCR处理器初始化完成，最大工作线程数: 3
2025-09-28 18:23:03,204 - OCR_APP - DEBUG - logger.pyw:68 - 进度回调函数已设置
2025-09-28 18:23:03,204 - OCR_APP - DEBUG - logger.pyw:68 - 完成回调函数已设置
2025-09-28 18:23:03,205 - OCR_APP - INFO - logger.pyw:72 - 异步处理器已初始化
2025-09-28 18:23:03,205 - OCR_APP - INFO - logger.pyw:72 - 批量处理优化器初始化完成: 最大工作线程=4, 内存限制=75.0%, 已集成错误管理和性能监控
2025-09-28 18:23:03,205 - OCR_APP - INFO - logger.pyw:72 - 批量处理优化器已初始化
2025-09-28 18:23:03,207 - OCR_APP - INFO - logger.pyw:72 - 图像预处理器已初始化
2025-09-28 18:23:03,207 - OCR_APP - INFO - logger.pyw:72 - 内存管理器初始化完成: 最大内存使用率=80.0%, 清理阈值=70.0%, 已集成错误管理和性能监控
2025-09-28 18:23:03,208 - OCR_APP - INFO - logger.pyw:72 - 内存管理器已初始化
2025-09-28 18:23:03,208 - OCR_APP - INFO - logger.pyw:72 - 文本后处理器已初始化
2025-09-28 18:25:41,330 - OCR_APP - INFO - logger.pyw:72 - 性能监控已启动
2025-09-28 18:25:41,331 - OCR_APP - INFO - logger.pyw:72 - API实例初始化完成，已集成错误管理和性能监控
2025-09-28 18:25:44,320 - OCR_APP - INFO - logger.pyw:72 - 缓存管理器初始化完成: 内存缓存=200, 磁盘缓存=1000, 缓存目录=C:\Users\21240\AppData\Local\Temp\ocr_cache
2025-09-28 18:25:44,320 - OCR_APP - INFO - logger.pyw:72 - OCR服务初始化完成，已集成错误管理和性能监控
2025-09-28 18:25:44,320 - OCR_APP - INFO - logger.pyw:72 - 异步OCR处理器初始化完成，最大工作线程数: 3
2025-09-28 18:25:44,320 - OCR_APP - DEBUG - logger.pyw:68 - 进度回调函数已设置
2025-09-28 18:25:44,320 - OCR_APP - DEBUG - logger.pyw:68 - 完成回调函数已设置
2025-09-28 18:25:44,320 - OCR_APP - INFO - logger.pyw:72 - 异步处理器已初始化
2025-09-28 18:28:19,957 - OCR_APP - INFO - logger.pyw:72 - 性能监控已启动
2025-09-28 18:28:19,957 - OCR_APP - INFO - logger.pyw:72 - API实例初始化完成，已集成错误管理和性能监控
2025-09-28 18:28:31,741 - OCR_APP - INFO - logger.pyw:72 - 缓存管理器初始化完成: 内存缓存=200, 磁盘缓存=1000, 缓存目录=C:\Users\21240\AppData\Local\Temp\ocr_cache
2025-09-28 18:28:31,741 - OCR_APP - INFO - logger.pyw:72 - OCR服务初始化完成，已集成错误管理和性能监控
2025-09-28 18:28:31,741 - OCR_APP - INFO - logger.pyw:72 - 内存缓存已清空
2025-09-28 18:28:31,741 - OCR_APP - INFO - logger.pyw:72 - OCR缓存已清理，清理了 0 个旧缓存项
2025-09-28 18:28:31,741 - OCR_APP - INFO - logger.pyw:72 - 缓存统计: 总请求=0, 命中率=0.0%, 缓存大小=0.00MB
2025-09-28 18:28:31,741 - OCR_APP - INFO - logger.pyw:72 - 错误历史已清理
2025-09-28 18:28:31,741 - OCR_APP - INFO - logger.pyw:72 - 所有缓存和错误历史已清除
2025-09-28 18:28:31,743 - OCR_APP - INFO - logger.pyw:72 - 用户触发文件选择对话框
2025-09-28 18:28:31,744 - OCR_APP - ERROR - logger.pyw:88 - 异常发生在 select_files: expected string or bytes-like object, got 'tuple'
Traceback (most recent call last):
  File "D:\PythonProject\扫描\src\main_api.pyw", line 280, in select_files
    result = self._window.create_file_dialog(webview.OPEN_DIALOG, allow_multiple=True, file_types=[file_types])
  File "C:\Users\21240\AppData\Local\Programs\Python\Python313\Lib\site-packages\webview\window.py", line 52, in wrapper
    return function(self, *args, **kwargs)
  File "C:\Users\21240\AppData\Local\Programs\Python\Python313\Lib\site-packages\webview\window.py", line 539, in create_file_dialog
    parse_file_type(f)
    ~~~~~~~~~~~~~~~^^^
  File "C:\Users\21240\AppData\Local\Programs\Python\Python313\Lib\site-packages\webview\util.py", line 154, in parse_file_type
    match = re.search(valid_file_filter, file_type)
  File "C:\Users\21240\AppData\Local\Programs\Python\Python313\Lib\re\__init__.py", line 177, in search
    return _compile(pattern, flags).search(string)
           ~~~~~~~~~~~~~~~~~~~~~~~~~~~~~~~^^^^^^^^
TypeError: expected string or bytes-like object, got 'tuple'
2025-09-28 18:37:53,383 - OCR_APP - INFO - logger.pyw:72 - 性能监控已启动
2025-09-28 18:37:53,383 - OCR_APP - INFO - logger.pyw:72 - API实例初始化完成，已集成错误管理和性能监控
2025-09-28 18:37:59,100 - OCR_APP - INFO - logger.pyw:72 - 缓存管理器初始化完成: 内存缓存=200, 磁盘缓存=1000, 缓存目录=C:\Users\21240\AppData\Local\Temp\ocr_cache
2025-09-28 18:37:59,101 - OCR_APP - INFO - logger.pyw:72 - OCR服务初始化完成，已集成错误管理和性能监控
2025-09-28 18:37:59,101 - OCR_APP - INFO - logger.pyw:72 - 内存缓存已清空
2025-09-28 18:37:59,101 - OCR_APP - INFO - logger.pyw:72 - OCR缓存已清理，清理了 0 个旧缓存项
2025-09-28 18:37:59,101 - OCR_APP - INFO - logger.pyw:72 - 缓存统计: 总请求=0, 命中率=0.0%, 缓存大小=0.00MB
2025-09-28 18:37:59,101 - OCR_APP - INFO - logger.pyw:72 - 错误历史已清理
2025-09-28 18:37:59,101 - OCR_APP - INFO - logger.pyw:72 - 所有缓存和错误历史已清除
2025-09-28 18:37:59,103 - OCR_APP - INFO - logger.pyw:72 - 用户触发文件选择对话框
2025-09-28 18:37:59,103 - OCR_APP - ERROR - logger.pyw:88 - 异常发生在 select_files: expected string or bytes-like object, got 'tuple'
Traceback (most recent call last):
  File "D:\PythonProject\扫描\src\main_api.pyw", line 269, in select_files
    result = self._window.create_file_dialog(webview.OPEN_DIALOG, allow_multiple=True, file_types=[file_types])
  File "C:\Users\21240\AppData\Local\Programs\Python\Python313\Lib\site-packages\webview\window.py", line 52, in wrapper
    return function(self, *args, **kwargs)
  File "C:\Users\21240\AppData\Local\Programs\Python\Python313\Lib\site-packages\webview\window.py", line 539, in create_file_dialog
    parse_file_type(f)
    ~~~~~~~~~~~~~~~^^^
  File "C:\Users\21240\AppData\Local\Programs\Python\Python313\Lib\site-packages\webview\util.py", line 154, in parse_file_type
    match = re.search(valid_file_filter, file_type)
  File "C:\Users\21240\AppData\Local\Programs\Python\Python313\Lib\re\__init__.py", line 177, in search
    return _compile(pattern, flags).search(string)
           ~~~~~~~~~~~~~~~~~~~~~~~~~~~~~~~^^^^^^^^
TypeError: expected string or bytes-like object, got 'tuple'
2025-09-28 18:38:40,895 - OCR_APP - INFO - logger.pyw:72 - 性能监控已启动
2025-09-28 18:38:40,896 - OCR_APP - INFO - logger.pyw:72 - API实例初始化完成，已集成错误管理和性能监控
2025-09-28 18:40:12,249 - OCR_APP - INFO - logger.pyw:72 - 性能监控已启动
2025-09-28 18:40:12,255 - OCR_APP - INFO - logger.pyw:72 - API实例初始化完成，已集成错误管理和性能监控
2025-09-28 18:42:10,950 - OCR_APP - INFO - logger.pyw:72 - 性能监控已启动
2025-09-28 18:42:10,951 - OCR_APP - INFO - logger.pyw:72 - API实例初始化完成，已集成错误管理和性能监控
2025-09-28 18:42:18,363 - OCR_APP - INFO - logger.pyw:72 - 缓存管理器初始化完成: 内存缓存=200, 磁盘缓存=1000, 缓存目录=C:\Users\21240\AppData\Local\Temp\ocr_cache
2025-09-28 18:42:18,364 - OCR_APP - INFO - logger.pyw:72 - OCR服务初始化完成，已集成错误管理和性能监控
2025-09-28 18:42:18,364 - OCR_APP - INFO - logger.pyw:72 - 内存缓存已清空
2025-09-28 18:42:18,364 - OCR_APP - INFO - logger.pyw:72 - OCR缓存已清理，清理了 0 个旧缓存项
2025-09-28 18:42:18,364 - OCR_APP - INFO - logger.pyw:72 - 缓存统计: 总请求=0, 命中率=0.0%, 缓存大小=0.00MB
2025-09-28 18:42:18,365 - OCR_APP - INFO - logger.pyw:72 - 错误历史已清理
2025-09-28 18:42:18,365 - OCR_APP - INFO - logger.pyw:72 - 所有缓存和错误历史已清除
2025-09-28 18:42:18,367 - OCR_APP - INFO - logger.pyw:72 - 用户触发文件选择对话框
2025-09-28 18:42:18,367 - OCR_APP - ERROR - logger.pyw:88 - 异常发生在 select_files: 图片文件 (*.png;*.jpg;*.jpeg;*.bmp;*.gif;*.tiff) (*.png;*.jpg;*.jpeg;*.bmp;*.gif;*.tiff) is not a valid file filter
Traceback (most recent call last):
  File "D:\PythonProject\扫描\src\main_api.pyw", line 269, in select_files
    result = self._window.create_file_dialog(webview.OPEN_DIALOG, allow_multiple=True, file_types=[file_types])
  File "C:\Users\21240\AppData\Local\Programs\Python\Python313\Lib\site-packages\webview\window.py", line 52, in wrapper
    return function(self, *args, **kwargs)
  File "C:\Users\21240\AppData\Local\Programs\Python\Python313\Lib\site-packages\webview\window.py", line 539, in create_file_dialog
    parse_file_type(f)
    ~~~~~~~~~~~~~~~^^^
  File "C:\Users\21240\AppData\Local\Programs\Python\Python313\Lib\site-packages\webview\util.py", line 158, in parse_file_type
    raise ValueError(f'{file_type} is not a valid file filter')
ValueError: 图片文件 (*.png;*.jpg;*.jpeg;*.bmp;*.gif;*.tiff) (*.png;*.jpg;*.jpeg;*.bmp;*.gif;*.tiff) is not a valid file filter
2025-09-28 18:42:45,409 - OCR_APP - INFO - logger.pyw:72 - 性能监控已启动
2025-09-28 18:42:45,409 - OCR_APP - INFO - logger.pyw:72 - API实例初始化完成，已集成错误管理和性能监控
2025-09-28 18:46:11,330 - OCR_APP - INFO - logger.pyw:72 - 性能监控已启动
2025-09-28 18:46:11,331 - OCR_APP - INFO - logger.pyw:72 - API实例初始化完成，已集成错误管理和性能监控
2025-09-28 18:49:05,876 - OCR_APP - INFO - logger.pyw:72 - 性能监控已启动
2025-09-28 18:49:05,882 - OCR_APP - INFO - logger.pyw:72 - API实例初始化完成，已集成错误管理和性能监控
2025-09-28 18:51:15,978 - OCR_APP - INFO - logger.pyw:72 - 性能监控已启动
2025-09-28 18:51:15,978 - OCR_APP - INFO - logger.pyw:72 - API实例初始化完成，已集成错误管理和性能监控
2025-09-28 18:52:40,892 - OCR_APP - INFO - logger.pyw:72 - 性能监控已启动
2025-09-28 18:52:40,898 - OCR_APP - INFO - logger.pyw:72 - API实例初始化完成，已集成错误管理和性能监控
2025-09-28 18:54:42,054 - OCR_APP - INFO - logger.pyw:72 - 性能监控已启动
2025-09-28 18:54:42,054 - OCR_APP - INFO - logger.pyw:72 - API实例初始化完成，已集成错误管理和性能监控
2025-09-28 18:55:39,961 - OCR_APP - INFO - logger.pyw:72 - 性能监控已启动
2025-09-28 18:55:39,961 - OCR_APP - INFO - logger.pyw:72 - API实例初始化完成，已集成错误管理和性能监控
2025-09-28 18:56:46,922 - OCR_APP - INFO - logger.pyw:72 - 性能监控已启动
2025-09-28 18:56:46,922 - OCR_APP - INFO - logger.pyw:72 - API实例初始化完成，已集成错误管理和性能监控
2025-09-28 19:03:40,708 - OCR_APP - INFO - logger.pyw:72 - 性能监控已启动
2025-09-28 19:03:40,714 - OCR_APP - INFO - logger.pyw:72 - API实例初始化完成，已集成错误管理和性能监控
2025-09-28 20:49:22,592 - OCR_APP - INFO - logger.pyw:72 - 缓存管理器初始化完成: 内存缓存=200, 磁盘缓存=1000, 缓存目录=C:\Users\21240\AppData\Local\Temp\ocr_cache
2025-09-28 20:49:22,593 - OCR_APP - INFO - logger.pyw:72 - OCR服务初始化完成，已集成错误管理和性能监控
2025-09-28 20:49:22,593 - OCR_APP - INFO - logger.pyw:72 - 内存缓存已清空
2025-09-28 20:49:22,593 - OCR_APP - INFO - logger.pyw:72 - OCR缓存已清理，清理了 0 个旧缓存项
2025-09-28 20:49:22,593 - OCR_APP - INFO - logger.pyw:72 - 缓存统计: 总请求=0, 命中率=0.0%, 缓存大小=0.00MB
2025-09-28 20:49:22,593 - OCR_APP - INFO - logger.pyw:72 - 错误历史已清理
2025-09-28 20:49:22,593 - OCR_APP - INFO - logger.pyw:72 - 所有缓存和错误历史已清除
2025-09-28 20:49:22,596 - OCR_APP - INFO - logger.pyw:72 - 用户触发文件选择对话框
2025-09-28 20:49:22,596 - OCR_APP - ERROR - logger.pyw:88 - 异常发生在 select_files: expected string or bytes-like object, got 'tuple'
Traceback (most recent call last):
  File "D:\PythonProject\扫描\src\main_api.pyw", line 268, in select_files
    result = self._window.create_file_dialog(webview.OPEN_DIALOG, allow_multiple=True, file_types=[file_types])
  File "D:\PythonProject\.venv\Lib\site-packages\webview\window.py", line 50, in wrapper
    return function(self, *args, **kwargs)
  File "D:\PythonProject\.venv\Lib\site-packages\webview\window.py", line 523, in create_file_dialog
    parse_file_type(f)
    ~~~~~~~~~~~~~~~^^^
  File "D:\PythonProject\.venv\Lib\site-packages\webview\util.py", line 155, in parse_file_type
    match = re.search(valid_file_filter, file_type)
  File "C:\Users\21240\AppData\Local\Programs\Python\Python313\Lib\re\__init__.py", line 177, in search
    return _compile(pattern, flags).search(string)
           ~~~~~~~~~~~~~~~~~~~~~~~~~~~~~~~^^^^^^^^
TypeError: expected string or bytes-like object, got 'tuple'
2025-09-28 20:49:52,339 - OCR_APP - INFO - logger.pyw:72 - 性能监控已启动
2025-09-28 20:49:52,340 - OCR_APP - INFO - logger.pyw:72 - API实例初始化完成，已集成错误管理和性能监控
2025-09-28 20:49:59,750 - OCR_APP - INFO - logger.pyw:72 - 缓存管理器初始化完成: 内存缓存=200, 磁盘缓存=1000, 缓存目录=C:\Users\21240\AppData\Local\Temp\ocr_cache
2025-09-28 20:49:59,750 - OCR_APP - INFO - logger.pyw:72 - OCR服务初始化完成，已集成错误管理和性能监控
2025-09-28 20:49:59,750 - OCR_APP - INFO - logger.pyw:72 - 内存缓存已清空
2025-09-28 20:49:59,750 - OCR_APP - INFO - logger.pyw:72 - OCR缓存已清理，清理了 0 个旧缓存项
2025-09-28 20:49:59,750 - OCR_APP - INFO - logger.pyw:72 - 缓存统计: 总请求=0, 命中率=0.0%, 缓存大小=0.00MB
2025-09-28 20:49:59,750 - OCR_APP - INFO - logger.pyw:72 - 错误历史已清理
2025-09-28 20:49:59,750 - OCR_APP - INFO - logger.pyw:72 - 所有缓存和错误历史已清除
2025-09-28 20:49:59,753 - OCR_APP - INFO - logger.pyw:72 - 用户触发文件选择对话框
2025-09-28 20:49:59,754 - OCR_APP - ERROR - logger.pyw:88 - 异常发生在 select_files: expected string or bytes-like object, got 'tuple'
Traceback (most recent call last):
  File "D:\PythonProject\扫描\src\main_api.pyw", line 268, in select_files
    result = self._window.create_file_dialog(webview.OPEN_DIALOG, allow_multiple=True, file_types=[file_types])
  File "D:\PythonProject\.venv\Lib\site-packages\webview\window.py", line 50, in wrapper
    return function(self, *args, **kwargs)
  File "D:\PythonProject\.venv\Lib\site-packages\webview\window.py", line 523, in create_file_dialog
    parse_file_type(f)
    ~~~~~~~~~~~~~~~^^^
  File "D:\PythonProject\.venv\Lib\site-packages\webview\util.py", line 155, in parse_file_type
    match = re.search(valid_file_filter, file_type)
  File "C:\Users\21240\AppData\Local\Programs\Python\Python313\Lib\re\__init__.py", line 177, in search
    return _compile(pattern, flags).search(string)
           ~~~~~~~~~~~~~~~~~~~~~~~~~~~~~~~^^^^^^^^
TypeError: expected string or bytes-like object, got 'tuple'
2025-09-28 20:50:00,202 - OCR_APP - INFO - logger.pyw:72 - 内存缓存已清空
2025-09-28 20:50:00,202 - OCR_APP - INFO - logger.pyw:72 - OCR缓存已清理，清理了 0 个旧缓存项
2025-09-28 20:50:00,202 - OCR_APP - INFO - logger.pyw:72 - 缓存统计: 总请求=0, 命中率=0.0%, 缓存大小=0.00MB
2025-09-28 20:50:00,202 - OCR_APP - INFO - logger.pyw:72 - 错误历史已清理
2025-09-28 20:50:00,202 - OCR_APP - INFO - logger.pyw:72 - 所有缓存和错误历史已清除
2025-09-28 20:50:00,205 - OCR_APP - INFO - logger.pyw:72 - 用户触发文件选择对话框
2025-09-28 20:50:00,206 - OCR_APP - ERROR - logger.pyw:88 - 异常发生在 select_files: expected string or bytes-like object, got 'tuple'
Traceback (most recent call last):
  File "D:\PythonProject\扫描\src\main_api.pyw", line 268, in select_files
    result = self._window.create_file_dialog(webview.OPEN_DIALOG, allow_multiple=True, file_types=[file_types])
  File "D:\PythonProject\.venv\Lib\site-packages\webview\window.py", line 50, in wrapper
    return function(self, *args, **kwargs)
  File "D:\PythonProject\.venv\Lib\site-packages\webview\window.py", line 523, in create_file_dialog
    parse_file_type(f)
    ~~~~~~~~~~~~~~~^^^
  File "D:\PythonProject\.venv\Lib\site-packages\webview\util.py", line 155, in parse_file_type
    match = re.search(valid_file_filter, file_type)
  File "C:\Users\21240\AppData\Local\Programs\Python\Python313\Lib\re\__init__.py", line 177, in search
    return _compile(pattern, flags).search(string)
           ~~~~~~~~~~~~~~~~~~~~~~~~~~~~~~~^^^^^^^^
TypeError: expected string or bytes-like object, got 'tuple'
2025-09-28 20:52:47,716 - OCR_APP - INFO - logger.pyw:72 - 性能监控已启动
2025-09-28 20:52:47,717 - OCR_APP - INFO - logger.pyw:72 - API实例初始化完成，已集成错误管理和性能监控
2025-09-28 20:52:59,859 - OCR_APP - INFO - logger.pyw:72 - 缓存管理器初始化完成: 内存缓存=200, 磁盘缓存=1000, 缓存目录=C:\Users\21240\AppData\Local\Temp\ocr_cache
2025-09-28 20:52:59,859 - OCR_APP - INFO - logger.pyw:72 - OCR服务初始化完成，已集成错误管理和性能监控
2025-09-28 20:52:59,859 - OCR_APP - INFO - logger.pyw:72 - 内存缓存已清空
2025-09-28 20:52:59,859 - OCR_APP - INFO - logger.pyw:72 - OCR缓存已清理，清理了 0 个旧缓存项
2025-09-28 20:52:59,860 - OCR_APP - INFO - logger.pyw:72 - 缓存统计: 总请求=0, 命中率=0.0%, 缓存大小=0.00MB
2025-09-28 20:52:59,860 - OCR_APP - INFO - logger.pyw:72 - 错误历史已清理
2025-09-28 20:52:59,860 - OCR_APP - INFO - logger.pyw:72 - 所有缓存和错误历史已清除
2025-09-28 20:52:59,862 - OCR_APP - INFO - logger.pyw:72 - 用户触发文件选择对话框
2025-09-28 20:52:59,862 - OCR_APP - ERROR - logger.pyw:88 - 异常发生在 select_files: expected string or bytes-like object, got 'tuple'
Traceback (most recent call last):
  File "D:\PythonProject\扫描\src\main_api.pyw", line 268, in select_files
    result = self._window.create_file_dialog(webview.OPEN_DIALOG, allow_multiple=True, file_types=[file_types])
  File "C:\Users\21240\AppData\Local\Programs\Python\Python313\Lib\site-packages\webview\window.py", line 52, in wrapper
    return function(self, *args, **kwargs)
  File "C:\Users\21240\AppData\Local\Programs\Python\Python313\Lib\site-packages\webview\window.py", line 539, in create_file_dialog
    parse_file_type(f)
    ~~~~~~~~~~~~~~~^^^
  File "C:\Users\21240\AppData\Local\Programs\Python\Python313\Lib\site-packages\webview\util.py", line 154, in parse_file_type
    match = re.search(valid_file_filter, file_type)
  File "C:\Users\21240\AppData\Local\Programs\Python\Python313\Lib\re\__init__.py", line 177, in search
    return _compile(pattern, flags).search(string)
           ~~~~~~~~~~~~~~~~~~~~~~~~~~~~~~~^^^^^^^^
TypeError: expected string or bytes-like object, got 'tuple'
2025-09-28 20:53:01,814 - OCR_APP - INFO - logger.pyw:72 - 内存缓存已清空
2025-09-28 20:53:01,814 - OCR_APP - INFO - logger.pyw:72 - OCR缓存已清理，清理了 0 个旧缓存项
2025-09-28 20:53:01,815 - OCR_APP - INFO - logger.pyw:72 - 缓存统计: 总请求=0, 命中率=0.0%, 缓存大小=0.00MB
2025-09-28 20:53:01,815 - OCR_APP - INFO - logger.pyw:72 - 错误历史已清理
2025-09-28 20:53:01,815 - OCR_APP - INFO - logger.pyw:72 - 所有缓存和错误历史已清除
2025-09-28 20:53:01,818 - OCR_APP - INFO - logger.pyw:72 - 用户触发文件选择对话框
2025-09-28 20:53:01,818 - OCR_APP - ERROR - logger.pyw:88 - 异常发生在 select_files: expected string or bytes-like object, got 'tuple'
Traceback (most recent call last):
  File "D:\PythonProject\扫描\src\main_api.pyw", line 268, in select_files
    result = self._window.create_file_dialog(webview.OPEN_DIALOG, allow_multiple=True, file_types=[file_types])
  File "C:\Users\21240\AppData\Local\Programs\Python\Python313\Lib\site-packages\webview\window.py", line 52, in wrapper
    return function(self, *args, **kwargs)
  File "C:\Users\21240\AppData\Local\Programs\Python\Python313\Lib\site-packages\webview\window.py", line 539, in create_file_dialog
    parse_file_type(f)
    ~~~~~~~~~~~~~~~^^^
  File "C:\Users\21240\AppData\Local\Programs\Python\Python313\Lib\site-packages\webview\util.py", line 154, in parse_file_type
    match = re.search(valid_file_filter, file_type)
  File "C:\Users\21240\AppData\Local\Programs\Python\Python313\Lib\re\__init__.py", line 177, in search
    return _compile(pattern, flags).search(string)
           ~~~~~~~~~~~~~~~~~~~~~~~~~~~~~~~^^^^^^^^
TypeError: expected string or bytes-like object, got 'tuple'
2025-09-28 20:53:24,966 - OCR_APP - INFO - logger.pyw:72 - 性能监控已启动
2025-09-28 20:53:24,966 - OCR_APP - INFO - logger.pyw:72 - API实例初始化完成，已集成错误管理和性能监控
2025-09-28 20:53:29,988 - OCR_APP - INFO - logger.pyw:72 - 缓存管理器初始化完成: 内存缓存=200, 磁盘缓存=1000, 缓存目录=C:\Users\21240\AppData\Local\Temp\ocr_cache
2025-09-28 20:53:29,988 - OCR_APP - INFO - logger.pyw:72 - OCR服务初始化完成，已集成错误管理和性能监控
2025-09-28 20:53:29,988 - OCR_APP - INFO - logger.pyw:72 - 内存缓存已清空
2025-09-28 20:53:29,988 - OCR_APP - INFO - logger.pyw:72 - OCR缓存已清理，清理了 0 个旧缓存项
2025-09-28 20:53:29,988 - OCR_APP - INFO - logger.pyw:72 - 缓存统计: 总请求=0, 命中率=0.0%, 缓存大小=0.00MB
2025-09-28 20:53:29,988 - OCR_APP - INFO - logger.pyw:72 - 错误历史已清理
2025-09-28 20:53:29,989 - OCR_APP - INFO - logger.pyw:72 - 所有缓存和错误历史已清除
2025-09-28 20:53:29,990 - OCR_APP - INFO - logger.pyw:72 - 用户触发文件选择对话框
2025-09-28 20:53:29,991 - OCR_APP - ERROR - logger.pyw:88 - 异常发生在 select_files: *.png;*.jpg;*.jpeg;*.bmp;*.gif;*.tiff is not a valid file filter
Traceback (most recent call last):
  File "D:\PythonProject\扫描\src\main_api.pyw", line 268, in select_files
    result = self._window.create_file_dialog(webview.OPEN_DIALOG, allow_multiple=True, file_types=('图片文件 (*.png;*.jpg;*.jpeg;*.bmp;*.gif;*.tiff)', '*.png;*.jpg;*.jpeg;*.bmp;*.gif;*.tiff'))
             ~~~~~~~~~~~~~~~~~~~~~~~~~~~~~~~^^^^^^^^^^^^^^^^^^^^^^^^^^^^^^^^^^^^^^^^^^^^^^^^^^^^^^^^^^^^^^^^^^^^^^^^^^^^^^^^^^^^^^^^^^^^^^^^^^^^^^^^^^^^^^^^^^^^^^^^^^^^^^^^^^^^^^^^^^^^^^^^^^^^
  File "C:\Users\21240\AppData\Local\Programs\Python\Python313\Lib\site-packages\webview\window.py", line 52, in wrapper
    return function(self, *args, **kwargs)
  File "C:\Users\21240\AppData\Local\Programs\Python\Python313\Lib\site-packages\webview\window.py", line 539, in create_file_dialog
    parse_file_type(f)
    ~~~~~~~~~~~~~~~^^^
  File "C:\Users\21240\AppData\Local\Programs\Python\Python313\Lib\site-packages\webview\util.py", line 158, in parse_file_type
    raise ValueError(f'{file_type} is not a valid file filter')
ValueError: *.png;*.jpg;*.jpeg;*.bmp;*.gif;*.tiff is not a valid file filter
2025-09-28 20:53:30,756 - OCR_APP - INFO - logger.pyw:72 - 内存缓存已清空
2025-09-28 20:53:30,756 - OCR_APP - INFO - logger.pyw:72 - OCR缓存已清理，清理了 0 个旧缓存项
2025-09-28 20:53:30,756 - OCR_APP - INFO - logger.pyw:72 - 缓存统计: 总请求=0, 命中率=0.0%, 缓存大小=0.00MB
2025-09-28 20:53:30,757 - OCR_APP - INFO - logger.pyw:72 - 错误历史已清理
2025-09-28 20:53:30,757 - OCR_APP - INFO - logger.pyw:72 - 所有缓存和错误历史已清除
2025-09-28 20:53:30,759 - OCR_APP - INFO - logger.pyw:72 - 用户触发文件选择对话框
2025-09-28 20:53:30,760 - OCR_APP - ERROR - logger.pyw:88 - 异常发生在 select_files: *.png;*.jpg;*.jpeg;*.bmp;*.gif;*.tiff is not a valid file filter
Traceback (most recent call last):
  File "D:\PythonProject\扫描\src\main_api.pyw", line 268, in select_files
    result = self._window.create_file_dialog(webview.OPEN_DIALOG, allow_multiple=True, file_types=('图片文件 (*.png;*.jpg;*.jpeg;*.bmp;*.gif;*.tiff)', '*.png;*.jpg;*.jpeg;*.bmp;*.gif;*.tiff'))
             ~~~~~~~~~~~~~~~~~~~~~~~~~~~~~~~^^^^^^^^^^^^^^^^^^^^^^^^^^^^^^^^^^^^^^^^^^^^^^^^^^^^^^^^^^^^^^^^^^^^^^^^^^^^^^^^^^^^^^^^^^^^^^^^^^^^^^^^^^^^^^^^^^^^^^^^^^^^^^^^^^^^^^^^^^^^^^^^^^^^
  File "C:\Users\21240\AppData\Local\Programs\Python\Python313\Lib\site-packages\webview\window.py", line 52, in wrapper
    return function(self, *args, **kwargs)
  File "C:\Users\21240\AppData\Local\Programs\Python\Python313\Lib\site-packages\webview\window.py", line 539, in create_file_dialog
    parse_file_type(f)
    ~~~~~~~~~~~~~~~^^^
  File "C:\Users\21240\AppData\Local\Programs\Python\Python313\Lib\site-packages\webview\util.py", line 158, in parse_file_type
    raise ValueError(f'{file_type} is not a valid file filter')
ValueError: *.png;*.jpg;*.jpeg;*.bmp;*.gif;*.tiff is not a valid file filter
2025-09-28 20:53:31,401 - OCR_APP - INFO - logger.pyw:72 - 内存缓存已清空
2025-09-28 20:53:31,401 - OCR_APP - INFO - logger.pyw:72 - OCR缓存已清理，清理了 0 个旧缓存项
2025-09-28 20:53:31,402 - OCR_APP - INFO - logger.pyw:72 - 缓存统计: 总请求=0, 命中率=0.0%, 缓存大小=0.00MB
2025-09-28 20:53:31,402 - OCR_APP - INFO - logger.pyw:72 - 错误历史已清理
2025-09-28 20:53:31,402 - OCR_APP - INFO - logger.pyw:72 - 所有缓存和错误历史已清除
2025-09-28 20:53:31,404 - OCR_APP - INFO - logger.pyw:72 - 用户触发文件选择对话框
2025-09-28 20:53:31,405 - OCR_APP - ERROR - logger.pyw:88 - 异常发生在 select_files: *.png;*.jpg;*.jpeg;*.bmp;*.gif;*.tiff is not a valid file filter
Traceback (most recent call last):
  File "D:\PythonProject\扫描\src\main_api.pyw", line 268, in select_files
    result = self._window.create_file_dialog(webview.OPEN_DIALOG, allow_multiple=True, file_types=('图片文件 (*.png;*.jpg;*.jpeg;*.bmp;*.gif;*.tiff)', '*.png;*.jpg;*.jpeg;*.bmp;*.gif;*.tiff'))
             ~~~~~~~~~~~~~~~~~~~~~~~~~~~~~~~^^^^^^^^^^^^^^^^^^^^^^^^^^^^^^^^^^^^^^^^^^^^^^^^^^^^^^^^^^^^^^^^^^^^^^^^^^^^^^^^^^^^^^^^^^^^^^^^^^^^^^^^^^^^^^^^^^^^^^^^^^^^^^^^^^^^^^^^^^^^^^^^^^^^
  File "C:\Users\21240\AppData\Local\Programs\Python\Python313\Lib\site-packages\webview\window.py", line 52, in wrapper
    return function(self, *args, **kwargs)
  File "C:\Users\21240\AppData\Local\Programs\Python\Python313\Lib\site-packages\webview\window.py", line 539, in create_file_dialog
    parse_file_type(f)
    ~~~~~~~~~~~~~~~^^^
  File "C:\Users\21240\AppData\Local\Programs\Python\Python313\Lib\site-packages\webview\util.py", line 158, in parse_file_type
    raise ValueError(f'{file_type} is not a valid file filter')
ValueError: *.png;*.jpg;*.jpeg;*.bmp;*.gif;*.tiff is not a valid file filter
2025-09-28 20:53:32,130 - OCR_APP - INFO - logger.pyw:72 - 内存缓存已清空
2025-09-28 20:53:32,130 - OCR_APP - INFO - logger.pyw:72 - OCR缓存已清理，清理了 0 个旧缓存项
2025-09-28 20:53:32,130 - OCR_APP - INFO - logger.pyw:72 - 缓存统计: 总请求=0, 命中率=0.0%, 缓存大小=0.00MB
2025-09-28 20:53:32,130 - OCR_APP - INFO - logger.pyw:72 - 错误历史已清理
2025-09-28 20:53:32,130 - OCR_APP - INFO - logger.pyw:72 - 所有缓存和错误历史已清除
2025-09-28 20:53:32,132 - OCR_APP - INFO - logger.pyw:72 - 用户触发文件选择对话框
2025-09-28 20:53:32,133 - OCR_APP - ERROR - logger.pyw:88 - 异常发生在 select_files: *.png;*.jpg;*.jpeg;*.bmp;*.gif;*.tiff is not a valid file filter
Traceback (most recent call last):
  File "D:\PythonProject\扫描\src\main_api.pyw", line 268, in select_files
    result = self._window.create_file_dialog(webview.OPEN_DIALOG, allow_multiple=True, file_types=('图片文件 (*.png;*.jpg;*.jpeg;*.bmp;*.gif;*.tiff)', '*.png;*.jpg;*.jpeg;*.bmp;*.gif;*.tiff'))
             ~~~~~~~~~~~~~~~~~~~~~~~~~~~~~~~^^^^^^^^^^^^^^^^^^^^^^^^^^^^^^^^^^^^^^^^^^^^^^^^^^^^^^^^^^^^^^^^^^^^^^^^^^^^^^^^^^^^^^^^^^^^^^^^^^^^^^^^^^^^^^^^^^^^^^^^^^^^^^^^^^^^^^^^^^^^^^^^^^^^
  File "C:\Users\21240\AppData\Local\Programs\Python\Python313\Lib\site-packages\webview\window.py", line 52, in wrapper
    return function(self, *args, **kwargs)
  File "C:\Users\21240\AppData\Local\Programs\Python\Python313\Lib\site-packages\webview\window.py", line 539, in create_file_dialog
    parse_file_type(f)
    ~~~~~~~~~~~~~~~^^^
  File "C:\Users\21240\AppData\Local\Programs\Python\Python313\Lib\site-packages\webview\util.py", line 158, in parse_file_type
    raise ValueError(f'{file_type} is not a valid file filter')
ValueError: *.png;*.jpg;*.jpeg;*.bmp;*.gif;*.tiff is not a valid file filter
2025-09-28 20:53:32,873 - OCR_APP - INFO - logger.pyw:72 - 内存缓存已清空
2025-09-28 20:53:32,874 - OCR_APP - INFO - logger.pyw:72 - OCR缓存已清理，清理了 0 个旧缓存项
2025-09-28 20:53:32,874 - OCR_APP - INFO - logger.pyw:72 - 缓存统计: 总请求=0, 命中率=0.0%, 缓存大小=0.00MB
2025-09-28 20:53:32,874 - OCR_APP - INFO - logger.pyw:72 - 错误历史已清理
2025-09-28 20:53:32,875 - OCR_APP - INFO - logger.pyw:72 - 所有缓存和错误历史已清除
2025-09-28 20:53:32,877 - OCR_APP - INFO - logger.pyw:72 - 用户触发文件选择对话框
2025-09-28 20:53:32,878 - OCR_APP - ERROR - logger.pyw:88 - 异常发生在 select_files: *.png;*.jpg;*.jpeg;*.bmp;*.gif;*.tiff is not a valid file filter
Traceback (most recent call last):
  File "D:\PythonProject\扫描\src\main_api.pyw", line 268, in select_files
    result = self._window.create_file_dialog(webview.OPEN_DIALOG, allow_multiple=True, file_types=('图片文件 (*.png;*.jpg;*.jpeg;*.bmp;*.gif;*.tiff)', '*.png;*.jpg;*.jpeg;*.bmp;*.gif;*.tiff'))
             ~~~~~~~~~~~~~~~~~~~~~~~~~~~~~~~^^^^^^^^^^^^^^^^^^^^^^^^^^^^^^^^^^^^^^^^^^^^^^^^^^^^^^^^^^^^^^^^^^^^^^^^^^^^^^^^^^^^^^^^^^^^^^^^^^^^^^^^^^^^^^^^^^^^^^^^^^^^^^^^^^^^^^^^^^^^^^^^^^^^
  File "C:\Users\21240\AppData\Local\Programs\Python\Python313\Lib\site-packages\webview\window.py", line 52, in wrapper
    return function(self, *args, **kwargs)
  File "C:\Users\21240\AppData\Local\Programs\Python\Python313\Lib\site-packages\webview\window.py", line 539, in create_file_dialog
    parse_file_type(f)
    ~~~~~~~~~~~~~~~^^^
  File "C:\Users\21240\AppData\Local\Programs\Python\Python313\Lib\site-packages\webview\util.py", line 158, in parse_file_type
    raise ValueError(f'{file_type} is not a valid file filter')
ValueError: *.png;*.jpg;*.jpeg;*.bmp;*.gif;*.tiff is not a valid file filter
2025-09-28 20:53:33,442 - OCR_APP - INFO - logger.pyw:72 - 内存缓存已清空
2025-09-28 20:53:33,442 - OCR_APP - INFO - logger.pyw:72 - OCR缓存已清理，清理了 0 个旧缓存项
2025-09-28 20:53:33,442 - OCR_APP - INFO - logger.pyw:72 - 缓存统计: 总请求=0, 命中率=0.0%, 缓存大小=0.00MB
2025-09-28 20:53:33,443 - OCR_APP - INFO - logger.pyw:72 - 错误历史已清理
2025-09-28 20:53:33,443 - OCR_APP - INFO - logger.pyw:72 - 所有缓存和错误历史已清除
2025-09-28 20:53:33,445 - OCR_APP - INFO - logger.pyw:72 - 用户触发文件选择对话框
2025-09-28 20:53:33,446 - OCR_APP - ERROR - logger.pyw:88 - 异常发生在 select_files: *.png;*.jpg;*.jpeg;*.bmp;*.gif;*.tiff is not a valid file filter
Traceback (most recent call last):
  File "D:\PythonProject\扫描\src\main_api.pyw", line 268, in select_files
    result = self._window.create_file_dialog(webview.OPEN_DIALOG, allow_multiple=True, file_types=('图片文件 (*.png;*.jpg;*.jpeg;*.bmp;*.gif;*.tiff)', '*.png;*.jpg;*.jpeg;*.bmp;*.gif;*.tiff'))
             ~~~~~~~~~~~~~~~~~~~~~~~~~~~~~~~^^^^^^^^^^^^^^^^^^^^^^^^^^^^^^^^^^^^^^^^^^^^^^^^^^^^^^^^^^^^^^^^^^^^^^^^^^^^^^^^^^^^^^^^^^^^^^^^^^^^^^^^^^^^^^^^^^^^^^^^^^^^^^^^^^^^^^^^^^^^^^^^^^^^
  File "C:\Users\21240\AppData\Local\Programs\Python\Python313\Lib\site-packages\webview\window.py", line 52, in wrapper
    return function(self, *args, **kwargs)
  File "C:\Users\21240\AppData\Local\Programs\Python\Python313\Lib\site-packages\webview\window.py", line 539, in create_file_dialog
    parse_file_type(f)
    ~~~~~~~~~~~~~~~^^^
  File "C:\Users\21240\AppData\Local\Programs\Python\Python313\Lib\site-packages\webview\util.py", line 158, in parse_file_type
    raise ValueError(f'{file_type} is not a valid file filter')
ValueError: *.png;*.jpg;*.jpeg;*.bmp;*.gif;*.tiff is not a valid file filter
2025-09-28 20:53:33,629 - OCR_APP - INFO - logger.pyw:72 - 内存缓存已清空
2025-09-28 20:53:33,629 - OCR_APP - INFO - logger.pyw:72 - OCR缓存已清理，清理了 0 个旧缓存项
2025-09-28 20:53:33,630 - OCR_APP - INFO - logger.pyw:72 - 缓存统计: 总请求=0, 命中率=0.0%, 缓存大小=0.00MB
2025-09-28 20:53:33,630 - OCR_APP - INFO - logger.pyw:72 - 错误历史已清理
2025-09-28 20:53:33,630 - OCR_APP - INFO - logger.pyw:72 - 所有缓存和错误历史已清除
2025-09-28 20:53:33,632 - OCR_APP - INFO - logger.pyw:72 - 用户触发文件选择对话框
2025-09-28 20:53:33,632 - OCR_APP - ERROR - logger.pyw:88 - 异常发生在 select_files: *.png;*.jpg;*.jpeg;*.bmp;*.gif;*.tiff is not a valid file filter
Traceback (most recent call last):
  File "D:\PythonProject\扫描\src\main_api.pyw", line 268, in select_files
    result = self._window.create_file_dialog(webview.OPEN_DIALOG, allow_multiple=True, file_types=('图片文件 (*.png;*.jpg;*.jpeg;*.bmp;*.gif;*.tiff)', '*.png;*.jpg;*.jpeg;*.bmp;*.gif;*.tiff'))
             ~~~~~~~~~~~~~~~~~~~~~~~~~~~~~~~^^^^^^^^^^^^^^^^^^^^^^^^^^^^^^^^^^^^^^^^^^^^^^^^^^^^^^^^^^^^^^^^^^^^^^^^^^^^^^^^^^^^^^^^^^^^^^^^^^^^^^^^^^^^^^^^^^^^^^^^^^^^^^^^^^^^^^^^^^^^^^^^^^^^
  File "C:\Users\21240\AppData\Local\Programs\Python\Python313\Lib\site-packages\webview\window.py", line 52, in wrapper
    return function(self, *args, **kwargs)
  File "C:\Users\21240\AppData\Local\Programs\Python\Python313\Lib\site-packages\webview\window.py", line 539, in create_file_dialog
    parse_file_type(f)
    ~~~~~~~~~~~~~~~^^^
  File "C:\Users\21240\AppData\Local\Programs\Python\Python313\Lib\site-packages\webview\util.py", line 158, in parse_file_type
    raise ValueError(f'{file_type} is not a valid file filter')
ValueError: *.png;*.jpg;*.jpeg;*.bmp;*.gif;*.tiff is not a valid file filter
2025-09-28 20:53:33,802 - OCR_APP - INFO - logger.pyw:72 - 内存缓存已清空
2025-09-28 20:53:33,803 - OCR_APP - INFO - logger.pyw:72 - OCR缓存已清理，清理了 0 个旧缓存项
2025-09-28 20:53:33,803 - OCR_APP - INFO - logger.pyw:72 - 缓存统计: 总请求=0, 命中率=0.0%, 缓存大小=0.00MB
2025-09-28 20:53:33,803 - OCR_APP - INFO - logger.pyw:72 - 错误历史已清理
2025-09-28 20:53:33,803 - OCR_APP - INFO - logger.pyw:72 - 所有缓存和错误历史已清除
2025-09-28 20:53:33,805 - OCR_APP - INFO - logger.pyw:72 - 用户触发文件选择对话框
2025-09-28 20:53:33,805 - OCR_APP - ERROR - logger.pyw:88 - 异常发生在 select_files: *.png;*.jpg;*.jpeg;*.bmp;*.gif;*.tiff is not a valid file filter
Traceback (most recent call last):
  File "D:\PythonProject\扫描\src\main_api.pyw", line 268, in select_files
    result = self._window.create_file_dialog(webview.OPEN_DIALOG, allow_multiple=True, file_types=('图片文件 (*.png;*.jpg;*.jpeg;*.bmp;*.gif;*.tiff)', '*.png;*.jpg;*.jpeg;*.bmp;*.gif;*.tiff'))
             ~~~~~~~~~~~~~~~~~~~~~~~~~~~~~~~^^^^^^^^^^^^^^^^^^^^^^^^^^^^^^^^^^^^^^^^^^^^^^^^^^^^^^^^^^^^^^^^^^^^^^^^^^^^^^^^^^^^^^^^^^^^^^^^^^^^^^^^^^^^^^^^^^^^^^^^^^^^^^^^^^^^^^^^^^^^^^^^^^^^
  File "C:\Users\21240\AppData\Local\Programs\Python\Python313\Lib\site-packages\webview\window.py", line 52, in wrapper
    return function(self, *args, **kwargs)
  File "C:\Users\21240\AppData\Local\Programs\Python\Python313\Lib\site-packages\webview\window.py", line 539, in create_file_dialog
    parse_file_type(f)
    ~~~~~~~~~~~~~~~^^^
  File "C:\Users\21240\AppData\Local\Programs\Python\Python313\Lib\site-packages\webview\util.py", line 158, in parse_file_type
    raise ValueError(f'{file_type} is not a valid file filter')
ValueError: *.png;*.jpg;*.jpeg;*.bmp;*.gif;*.tiff is not a valid file filter
2025-09-28 20:53:33,973 - OCR_APP - INFO - logger.pyw:72 - 内存缓存已清空
2025-09-28 20:53:33,974 - OCR_APP - INFO - logger.pyw:72 - OCR缓存已清理，清理了 0 个旧缓存项
2025-09-28 20:53:33,974 - OCR_APP - INFO - logger.pyw:72 - 缓存统计: 总请求=0, 命中率=0.0%, 缓存大小=0.00MB
2025-09-28 20:53:33,974 - OCR_APP - INFO - logger.pyw:72 - 错误历史已清理
2025-09-28 20:53:33,974 - OCR_APP - INFO - logger.pyw:72 - 所有缓存和错误历史已清除
2025-09-28 20:53:33,978 - OCR_APP - INFO - logger.pyw:72 - 用户触发文件选择对话框
2025-09-28 20:53:33,978 - OCR_APP - ERROR - logger.pyw:88 - 异常发生在 select_files: *.png;*.jpg;*.jpeg;*.bmp;*.gif;*.tiff is not a valid file filter
Traceback (most recent call last):
  File "D:\PythonProject\扫描\src\main_api.pyw", line 268, in select_files
    result = self._window.create_file_dialog(webview.OPEN_DIALOG, allow_multiple=True, file_types=('图片文件 (*.png;*.jpg;*.jpeg;*.bmp;*.gif;*.tiff)', '*.png;*.jpg;*.jpeg;*.bmp;*.gif;*.tiff'))
             ~~~~~~~~~~~~~~~~~~~~~~~~~~~~~~~^^^^^^^^^^^^^^^^^^^^^^^^^^^^^^^^^^^^^^^^^^^^^^^^^^^^^^^^^^^^^^^^^^^^^^^^^^^^^^^^^^^^^^^^^^^^^^^^^^^^^^^^^^^^^^^^^^^^^^^^^^^^^^^^^^^^^^^^^^^^^^^^^^^^
  File "C:\Users\21240\AppData\Local\Programs\Python\Python313\Lib\site-packages\webview\window.py", line 52, in wrapper
    return function(self, *args, **kwargs)
  File "C:\Users\21240\AppData\Local\Programs\Python\Python313\Lib\site-packages\webview\window.py", line 539, in create_file_dialog
    parse_file_type(f)
    ~~~~~~~~~~~~~~~^^^
  File "C:\Users\21240\AppData\Local\Programs\Python\Python313\Lib\site-packages\webview\util.py", line 158, in parse_file_type
    raise ValueError(f'{file_type} is not a valid file filter')
ValueError: *.png;*.jpg;*.jpeg;*.bmp;*.gif;*.tiff is not a valid file filter
2025-09-28 20:53:34,125 - OCR_APP - INFO - logger.pyw:72 - 内存缓存已清空
2025-09-28 20:53:34,126 - OCR_APP - INFO - logger.pyw:72 - OCR缓存已清理，清理了 0 个旧缓存项
2025-09-28 20:53:34,126 - OCR_APP - INFO - logger.pyw:72 - 缓存统计: 总请求=0, 命中率=0.0%, 缓存大小=0.00MB
2025-09-28 20:53:34,127 - OCR_APP - INFO - logger.pyw:72 - 错误历史已清理
2025-09-28 20:53:34,127 - OCR_APP - INFO - logger.pyw:72 - 所有缓存和错误历史已清除
2025-09-28 20:53:34,129 - OCR_APP - INFO - logger.pyw:72 - 用户触发文件选择对话框
2025-09-28 20:53:34,130 - OCR_APP - ERROR - logger.pyw:88 - 异常发生在 select_files: *.png;*.jpg;*.jpeg;*.bmp;*.gif;*.tiff is not a valid file filter
Traceback (most recent call last):
  File "D:\PythonProject\扫描\src\main_api.pyw", line 268, in select_files
    result = self._window.create_file_dialog(webview.OPEN_DIALOG, allow_multiple=True, file_types=('图片文件 (*.png;*.jpg;*.jpeg;*.bmp;*.gif;*.tiff)', '*.png;*.jpg;*.jpeg;*.bmp;*.gif;*.tiff'))
             ~~~~~~~~~~~~~~~~~~~~~~~~~~~~~~~^^^^^^^^^^^^^^^^^^^^^^^^^^^^^^^^^^^^^^^^^^^^^^^^^^^^^^^^^^^^^^^^^^^^^^^^^^^^^^^^^^^^^^^^^^^^^^^^^^^^^^^^^^^^^^^^^^^^^^^^^^^^^^^^^^^^^^^^^^^^^^^^^^^^
  File "C:\Users\21240\AppData\Local\Programs\Python\Python313\Lib\site-packages\webview\window.py", line 52, in wrapper
    return function(self, *args, **kwargs)
  File "C:\Users\21240\AppData\Local\Programs\Python\Python313\Lib\site-packages\webview\window.py", line 539, in create_file_dialog
    parse_file_type(f)
    ~~~~~~~~~~~~~~~^^^
  File "C:\Users\21240\AppData\Local\Programs\Python\Python313\Lib\site-packages\webview\util.py", line 158, in parse_file_type
    raise ValueError(f'{file_type} is not a valid file filter')
ValueError: *.png;*.jpg;*.jpeg;*.bmp;*.gif;*.tiff is not a valid file filter
2025-09-28 20:54:31,616 - OCR_APP - INFO - logger.pyw:72 - 性能监控已启动
2025-09-28 20:54:31,623 - OCR_APP - INFO - logger.pyw:72 - API实例初始化完成，已集成错误管理和性能监控
2025-09-28 20:54:36,886 - OCR_APP - INFO - logger.pyw:72 - 缓存管理器初始化完成: 内存缓存=200, 磁盘缓存=1000, 缓存目录=C:\Users\21240\AppData\Local\Temp\ocr_cache
2025-09-28 20:54:36,886 - OCR_APP - INFO - logger.pyw:72 - OCR服务初始化完成，已集成错误管理和性能监控
2025-09-28 20:54:36,886 - OCR_APP - INFO - logger.pyw:72 - 内存缓存已清空
2025-09-28 20:54:36,886 - OCR_APP - INFO - logger.pyw:72 - OCR缓存已清理，清理了 0 个旧缓存项
2025-09-28 20:54:36,886 - OCR_APP - INFO - logger.pyw:72 - 缓存统计: 总请求=0, 命中率=0.0%, 缓存大小=0.00MB
2025-09-28 20:54:36,886 - OCR_APP - INFO - logger.pyw:72 - 错误历史已清理
2025-09-28 20:54:36,886 - OCR_APP - INFO - logger.pyw:72 - 所有缓存和错误历史已清除
2025-09-28 20:54:36,889 - OCR_APP - INFO - logger.pyw:72 - 用户触发文件选择对话框
2025-09-28 20:54:50,468 - OCR_APP - INFO - logger.pyw:72 - 用户选择了 1 个文件: ['d1c5e2913bd4c345f5451ac54cef0ba.jpg']
2025-09-28 20:54:57,988 - OCR_APP - INFO - logger.pyw:72 - 内存缓存已清空
2025-09-28 20:54:57,989 - OCR_APP - INFO - logger.pyw:72 - OCR缓存已清理，清理了 0 个旧缓存项
2025-09-28 20:54:57,989 - OCR_APP - INFO - logger.pyw:72 - 缓存统计: 总请求=0, 命中率=0.0%, 缓存大小=0.00MB
2025-09-28 20:54:57,989 - OCR_APP - INFO - logger.pyw:72 - 错误历史已清理
2025-09-28 20:54:57,990 - OCR_APP - INFO - logger.pyw:72 - 所有缓存和错误历史已清除
2025-09-28 20:54:57,992 - OCR_APP - INFO - logger.pyw:72 - 用户触发文件选择对话框
2025-09-28 20:55:01,366 - OCR_APP - INFO - logger.pyw:72 - 用户选择了 1 个文件: ['d1c5e2913bd4c345f5451ac54cef0ba.jpg']
2025-09-28 20:55:53,588 - OCR_APP - INFO - logger.pyw:72 - 性能监控已启动
2025-09-28 20:55:53,588 - OCR_APP - INFO - logger.pyw:72 - API实例初始化完成，已集成错误管理和性能监控
2025-09-28 20:56:06,843 - OCR_APP - INFO - logger.pyw:72 - 缓存管理器初始化完成: 内存缓存=200, 磁盘缓存=1000, 缓存目录=C:\Users\21240\AppData\Local\Temp\ocr_cache
2025-09-28 20:56:06,843 - OCR_APP - INFO - logger.pyw:72 - OCR服务初始化完成，已集成错误管理和性能监控
2025-09-28 20:56:06,843 - OCR_APP - INFO - logger.pyw:72 - 内存缓存已清空
2025-09-28 20:56:06,843 - OCR_APP - INFO - logger.pyw:72 - OCR缓存已清理，清理了 0 个旧缓存项
2025-09-28 20:56:06,843 - OCR_APP - INFO - logger.pyw:72 - 缓存统计: 总请求=0, 命中率=0.0%, 缓存大小=0.00MB
2025-09-28 20:56:06,843 - OCR_APP - INFO - logger.pyw:72 - 错误历史已清理
2025-09-28 20:56:06,843 - OCR_APP - INFO - logger.pyw:72 - 所有缓存和错误历史已清除
2025-09-28 20:56:06,849 - OCR_APP - INFO - logger.pyw:72 - 用户触发文件选择对话框
2025-09-28 20:56:10,200 - OCR_APP - INFO - logger.pyw:72 - 用户选择了 1 个文件: ['d1c5e2913bd4c345f5451ac54cef0ba.jpg']
2025-09-28 20:56:52,294 - OCR_APP - INFO - logger.pyw:72 - 内存缓存已清空
2025-09-28 20:56:52,294 - OCR_APP - INFO - logger.pyw:72 - OCR缓存已清理，清理了 0 个旧缓存项
2025-09-28 20:56:52,294 - OCR_APP - INFO - logger.pyw:72 - 缓存统计: 总请求=0, 命中率=0.0%, 缓存大小=0.00MB
2025-09-28 20:56:52,294 - OCR_APP - INFO - logger.pyw:72 - 错误历史已清理
2025-09-28 20:56:52,295 - OCR_APP - INFO - logger.pyw:72 - 所有缓存和错误历史已清除
2025-09-28 20:56:52,297 - OCR_APP - INFO - logger.pyw:72 - 用户触发文件选择对话框
2025-09-28 20:56:54,622 - OCR_APP - INFO - logger.pyw:72 - 用户选择了 1 个文件: ['d1c5e2913bd4c345f5451ac54cef0ba.jpg']
2025-09-28 21:12:47,149 - OCR_APP - INFO - logger.pyw:72 - 性能监控已启动
2025-09-28 21:12:47,157 - OCR_APP - INFO - logger.pyw:72 - API实例初始化完成，已集成错误管理和性能监控
2025-09-28 21:12:57,613 - OCR_APP - INFO - logger.pyw:72 - 缓存管理器初始化完成: 内存缓存=200, 磁盘缓存=1000, 缓存目录=C:\Users\21240\AppData\Local\Temp\ocr_cache
2025-09-28 21:12:57,613 - OCR_APP - INFO - logger.pyw:72 - OCR服务初始化完成，已集成错误管理和性能监控
2025-09-28 21:12:57,613 - OCR_APP - INFO - logger.pyw:72 - 内存缓存已清空
2025-09-28 21:12:57,613 - OCR_APP - INFO - logger.pyw:72 - OCR缓存已清理，清理了 0 个旧缓存项
2025-09-28 21:12:57,613 - OCR_APP - INFO - logger.pyw:72 - 缓存统计: 总请求=0, 命中率=0.0%, 缓存大小=0.00MB
2025-09-28 21:12:57,613 - OCR_APP - INFO - logger.pyw:72 - 错误历史已清理
2025-09-28 21:12:57,613 - OCR_APP - INFO - logger.pyw:72 - 所有缓存和错误历史已清除
2025-09-28 21:12:57,614 - OCR_APP - INFO - logger.pyw:72 - 用户触发文件选择对话框
2025-09-28 21:13:00,455 - OCR_APP - INFO - logger.pyw:72 - 用户选择了 1 个文件: ['d1c5e2913bd4c345f5451ac54cef0ba.jpg']
2025-09-28 21:13:00,459 - OCR_APP - DEBUG - logger.pyw:68 - 开始转换图片为Base64: d1c5e2913bd4c345f5451ac54cef0ba.jpg
2025-09-28 21:13:00,468 - OCR_APP - DEBUG - logger.pyw:68 - 图片转换成功: d1c5e2913bd4c345f5451ac54cef0ba.jpg, 大小: 3661680 字符
2025-09-28 21:13:06,162 - OCR_APP - INFO - logger.pyw:72 - 启动异步OCR处理: 1 张图片
2025-09-28 21:13:06,186 - OCR_APP - INFO - logger.pyw:72 - 异步OCR处理器初始化完成，最大工作线程数: 3
2025-09-28 21:13:06,187 - OCR_APP - INFO - logger.pyw:72 - 异步处理器已初始化
2025-09-28 21:13:09,907 - OCR_APP - DEBUG - logger.pyw:68 - 预提取表格: C:\Users\21240\Desktop\d1c5e2913bd4c345f5451ac54cef0ba.jpg - 0 个表格
2025-09-28 21:13:09,907 - OCR_APP - ERROR - logger.pyw:80 - 启动异步OCR处理失败: 'AsyncOCRProcessor' object has no attribute 'submit_task'
2025-09-28 21:13:09,907 - OCR_APP - ERROR - logger.pyw:88 - 异常发生在 'AsyncOCRProcessor' object has no attribute 'submit_task': 启动异步OCR处理
Traceback (most recent call last):
  File "D:\PythonProject\扫描\src\main_api.pyw", line 754, in start_async_ocr
    task_id = async_processor.submit_task(task_data)
              ^^^^^^^^^^^^^^^^^^^^^^^^^^^
AttributeError: 'AsyncOCRProcessor' object has no attribute 'submit_task'. Did you mean: 'submit_ocr_task'?
2025-09-28 21:17:10,800 - OCR_APP - INFO - logger.pyw:72 - 正在关闭异步OCR处理器...
2025-09-28 21:17:10,800 - OCR_APP - INFO - logger.pyw:72 - 已取消 0 个任务
2025-09-28 21:17:10,800 - OCR_APP - INFO - logger.pyw:72 - 异步OCR处理器已关闭
2025-09-28 21:21:18,774 - OCR_APP - INFO - logger.pyw:72 - 性能监控已启动
2025-09-28 21:21:18,774 - OCR_APP - INFO - logger.pyw:72 - API实例初始化完成，已集成错误管理和性能监控
2025-09-28 22:21:27,242 - OCR_APP - INFO - logger.pyw:72 - 性能监控已启动
2025-09-28 22:21:27,242 - OCR_APP - INFO - logger.pyw:72 - API实例初始化完成，已集成错误管理和性能监控
2025-09-28 22:21:32,629 - OCR_APP - INFO - logger.pyw:72 - 缓存管理器初始化完成: 内存缓存=200, 磁盘缓存=1000, 缓存目录=C:\Users\21240\AppData\Local\Temp\ocr_cache
2025-09-28 22:21:32,629 - OCR_APP - INFO - logger.pyw:72 - OCR服务初始化完成，已集成错误管理和性能监控
2025-09-28 22:21:32,630 - OCR_APP - INFO - logger.pyw:72 - 内存缓存已清空
2025-09-28 22:21:32,630 - OCR_APP - INFO - logger.pyw:72 - OCR缓存已清理，清理了 0 个旧缓存项
2025-09-28 22:21:32,630 - OCR_APP - INFO - logger.pyw:72 - 缓存统计: 总请求=0, 命中率=0.0%, 缓存大小=0.00MB
2025-09-28 22:21:32,630 - OCR_APP - INFO - logger.pyw:72 - 错误历史已清理
2025-09-28 22:21:32,630 - OCR_APP - INFO - logger.pyw:72 - 所有缓存和错误历史已清除
2025-09-28 22:21:32,632 - OCR_APP - INFO - logger.pyw:72 - 用户触发文件选择对话框
2025-09-28 22:21:35,591 - OCR_APP - INFO - logger.pyw:72 - 用户选择了 1 个文件: ['d1c5e2913bd4c345f5451ac54cef0ba.jpg']
2025-09-28 22:21:35,593 - OCR_APP - DEBUG - logger.pyw:68 - 开始转换图片为Base64: d1c5e2913bd4c345f5451ac54cef0ba.jpg
2025-09-28 22:21:35,603 - OCR_APP - DEBUG - logger.pyw:68 - 图片转换成功: d1c5e2913bd4c345f5451ac54cef0ba.jpg, 大小: 3661680 字符
2025-09-28 22:21:38,422 - OCR_APP - INFO - logger.pyw:72 - 启动异步OCR处理: 1 张图片
2025-09-28 22:21:38,444 - OCR_APP - INFO - logger.pyw:72 - 异步OCR处理器初始化完成，最大工作线程数: 3
2025-09-28 22:21:38,444 - OCR_APP - INFO - logger.pyw:72 - 异步处理器已初始化
2025-09-28 22:21:41,377 - OCR_APP - DEBUG - logger.pyw:68 - 预提取表格: C:\Users\21240\Desktop\d1c5e2913bd4c345f5451ac54cef0ba.jpg - 0 个表格
2025-09-28 22:21:41,377 - OCR_APP - INFO - logger.pyw:72 - 开始处理OCR任务: ocr_task_1759069301377_0 - C:\Users\21240\Desktop\d1c5e2913bd4c345f5451ac54cef0ba.jpg
2025-09-28 22:21:41,377 - OCR_APP - INFO - logger.pyw:72 - OCR任务已提交: ocr_task_1759069301377_0 - C:\Users\21240\Desktop\d1c5e2913bd4c345f5451ac54cef0ba.jpg
2025-09-28 22:21:41,378 - OCR_APP - INFO - logger.pyw:72 - 开始OCR文本提取: d1c5e2913bd4c345f5451ac54cef0ba.jpg
2025-09-28 22:21:41,378 - OCR_APP - INFO - logger.pyw:72 - 批量提交OCR任务完成: 1 个任务
2025-09-28 22:21:41,378 - OCR_APP - INFO - logger.pyw:72 - 异步OCR任务已提交: 1 个任务
2025-09-28 22:21:41,378 - OCR_APP - ERROR - logger.pyw:80 - OCR处理失败: API密钥未设置
2025-09-28 22:21:41,381 - OCR_APP - ERROR - logger.pyw:80 - 错误记录: validation_1759069301 - ErrorHandler.handle_validation_error() missing 2 required positional arguments: 'value' and 'expected'
2025-09-28 22:21:41,381 - OCR_APP - ERROR - logger.pyw:80 - OCR任务失败: ocr_task_1759069301377_0 - 未知错误
2025-09-29 17:07:40,499 - OCR_APP - INFO - logger.pyw:72 - 正在关闭异步OCR处理器...
2025-09-29 17:07:40,500 - OCR_APP - INFO - logger.pyw:72 - 已取消 0 个任务
2025-09-29 17:07:40,500 - OCR_APP - INFO - logger.pyw:72 - 异步OCR处理器已关闭
